<?xml version="1.0" encoding="utf-8" standalone="no"?>
<testsuites xmlns:xsi="http://www.w3.org/2001/XMLSchema-instance" xsi:noNamespaceSchemaLocation="junit_schema_4.xsd" name="Pester" tests="942" errors="5" failures="50" disabled="0" time="77.316">
  <testsuite name="E:\GitHub\AZDOPS\Tests\Connect-ADOPS.Tests.ps1" tests="33" errors="0" failures="31" hostname="DESKTOP-H0JJQ0I" id="0" skipped="0" disabled="0" package="E:\GitHub\AZDOPS\Tests\Connect-ADOPS.Tests.ps1" time="2.295">
    <properties>
      <property name="user" value="Emanuel" />
      <property name="os-version" value="10.0.19044" />
      <property name="user-domain" value="DESKTOP-H0JJQ0I" />
      <property name="machine-name" value="DESKTOP-H0JJQ0I" />
      <property name="cwd" value="E:\GitHub\AZDOPS" />
      <property name="platform" value="Microsoft Windows 10 Pro|C:\Windows|\Device\Harddisk0\Partition3" />
      <property name="junit-version" value="4" />
      <property name="clr-version" value="Unknown" />
    </properties>
    <testcase name="Connect-ADOPS.Parameters.Should have parameter Username" status="Failed" classname="E:\GitHub\AZDOPS\Tests\Connect-ADOPS.Tests.ps1" assertions="0" time="0.086">
      <failure message="Expected command Connect-ADOPS to have a parameter Username, but the parameter is missing.">at Get-Command Connect-ADOPS | Should -HaveParameter $_.Name -Mandatory:$_.Mandatory -Type $_.Type, E:\GitHub\AZDOPS\Tests\Connect-ADOPS.Tests.ps1:45
at &lt;ScriptBlock&gt;, E:\GitHub\AZDOPS\Tests\Connect-ADOPS.Tests.ps1:45</failure>
    </testcase>
    <testcase name="Connect-ADOPS.Parameters.Should have parameter PersonalAccessToken" status="Failed" classname="E:\GitHub\AZDOPS\Tests\Connect-ADOPS.Tests.ps1" assertions="0" time="0.083">
      <failure message="Expected command Connect-ADOPS to have a parameter PersonalAccessToken, but the parameter is missing.">at Get-Command Connect-ADOPS | Should -HaveParameter $_.Name -Mandatory:$_.Mandatory -Type $_.Type, E:\GitHub\AZDOPS\Tests\Connect-ADOPS.Tests.ps1:45
at &lt;ScriptBlock&gt;, E:\GitHub\AZDOPS\Tests\Connect-ADOPS.Tests.ps1:45</failure>
    </testcase>
    <testcase name="Connect-ADOPS.Parameters.Should have parameter Organization" status="Passed" classname="E:\GitHub\AZDOPS\Tests\Connect-ADOPS.Tests.ps1" assertions="0" time="0.060" />
    <testcase name="Connect-ADOPS.Parameters.Should have parameter Default" status="Failed" classname="E:\GitHub\AZDOPS\Tests\Connect-ADOPS.Tests.ps1" assertions="0" time="0.083">
      <failure message="Expected command Connect-ADOPS to have a parameter Default, but the parameter is missing.">at Get-Command Connect-ADOPS | Should -HaveParameter $_.Name -Mandatory:$_.Mandatory -Type $_.Type, E:\GitHub\AZDOPS\Tests\Connect-ADOPS.Tests.ps1:45
at &lt;ScriptBlock&gt;, E:\GitHub\AZDOPS\Tests\Connect-ADOPS.Tests.ps1:45</failure>
    </testcase>
    <testcase name="Connect-ADOPS.Parameters.Should have parameter credential" status="Failed" classname="E:\GitHub\AZDOPS\Tests\Connect-ADOPS.Tests.ps1" assertions="0" time="0.089">
      <failure message="Expected command Connect-ADOPS to have a parameter credential, but the parameter is missing.">at Get-Command Connect-ADOPS | Should -HaveParameter $_.Name -Mandatory:$_.Mandatory -Type $_.Type, E:\GitHub\AZDOPS\Tests\Connect-ADOPS.Tests.ps1:45
at &lt;ScriptBlock&gt;, E:\GitHub\AZDOPS\Tests\Connect-ADOPS.Tests.ps1:45</failure>
    </testcase>
    <testcase name="Connect-ADOPS.Connect-ADOPS.Should trow if InvokeADOPSRestMethod returns error." status="Passed" classname="E:\GitHub\AZDOPS\Tests\Connect-ADOPS.Tests.ps1" assertions="0" time="0.119" />
    <testcase name="Connect-ADOPS.Initial connection, No previous connection created.Should create a ADOPSCredentials variable" status="Failed" classname="E:\GitHub\AZDOPS\Tests\Connect-ADOPS.Tests.ps1" assertions="0" time="0.000">
      <failure message="This test should run but it did not. Most likely a setup in some parent block failed."></failure>
    </testcase>
    <testcase name="Connect-ADOPS.Initial connection, No previous connection created.ADOPSCredentials variable Should be a hashtable" status="Failed" classname="E:\GitHub\AZDOPS\Tests\Connect-ADOPS.Tests.ps1" assertions="0" time="0.000">
      <failure message="This test should run but it did not. Most likely a setup in some parent block failed."></failure>
    </testcase>
    <testcase name="Connect-ADOPS.Initial connection, No previous connection created.Variable should contain one conenction" status="Failed" classname="E:\GitHub\AZDOPS\Tests\Connect-ADOPS.Tests.ps1" assertions="0" time="0.000">
      <failure message="This test should run but it did not. Most likely a setup in some parent block failed."></failure>
    </testcase>
    <testcase name="Connect-ADOPS.Initial connection, No previous connection created.Should have set one default conenction" status="Failed" classname="E:\GitHub\AZDOPS\Tests\Connect-ADOPS.Tests.ps1" assertions="0" time="0.000">
      <failure message="This test should run but it did not. Most likely a setup in some parent block failed."></failure>
    </testcase>
    <testcase name="Connect-ADOPS.Initial connection, No previous connection created.Variable should be encrypted (PSCredential)" status="Failed" classname="E:\GitHub\AZDOPS\Tests\Connect-ADOPS.Tests.ps1" assertions="0" time="0.000">
      <failure message="This test should run but it did not. Most likely a setup in some parent block failed."></failure>
    </testcase>
    <testcase name="Connect-ADOPS.Initial connection, No previous connection created.Username should be set" status="Failed" classname="E:\GitHub\AZDOPS\Tests\Connect-ADOPS.Tests.ps1" assertions="0" time="0.000">
      <failure message="This test should run but it did not. Most likely a setup in some parent block failed."></failure>
    </testcase>
    <testcase name="Connect-ADOPS.Initial connection, No previous connection created.Password should be set" status="Failed" classname="E:\GitHub\AZDOPS\Tests\Connect-ADOPS.Tests.ps1" assertions="0" time="0.000">
      <failure message="This test should run but it did not. Most likely a setup in some parent block failed."></failure>
    </testcase>
    <testcase name="Connect-ADOPS.Initial connection, No previous connection created.AzDoOrganization should be set as key" status="Failed" classname="E:\GitHub\AZDOPS\Tests\Connect-ADOPS.Tests.ps1" assertions="0" time="0.000">
      <failure message="This test should run but it did not. Most likely a setup in some parent block failed."></failure>
    </testcase>
    <testcase name="Connect-ADOPS.Initial connection, No previous connection created.Should have called mock" status="Failed" classname="E:\GitHub\AZDOPS\Tests\Connect-ADOPS.Tests.ps1" assertions="0" time="0.000">
      <failure message="This test should run but it did not. Most likely a setup in some parent block failed."></failure>
    </testcase>
    <testcase name="Connect-ADOPS.Adding same connection again, not setting default.Should have set one default conenction" status="Failed" classname="E:\GitHub\AZDOPS\Tests\Connect-ADOPS.Tests.ps1" assertions="0" time="0.000">
      <failure message="This test should run but it did not. Most likely a setup in some parent block failed."></failure>
    </testcase>
    <testcase name="Connect-ADOPS.Adding a second connection, not setting default.Variable should contain two conenctions" status="Failed" classname="E:\GitHub\AZDOPS\Tests\Connect-ADOPS.Tests.ps1" assertions="0" time="0.000">
      <failure message="This test should run but it did not. Most likely a setup in some parent block failed."></failure>
    </testcase>
    <testcase name="Connect-ADOPS.Adding a second connection, not setting default.Should add this connection to connection list" status="Failed" classname="E:\GitHub\AZDOPS\Tests\Connect-ADOPS.Tests.ps1" assertions="0" time="0.000">
      <failure message="This test should run but it did not. Most likely a setup in some parent block failed."></failure>
    </testcase>
    <testcase name="Connect-ADOPS.Adding a second connection, not setting default.Should have only have one default conenction" status="Failed" classname="E:\GitHub\AZDOPS\Tests\Connect-ADOPS.Tests.ps1" assertions="0" time="0.000">
      <failure message="This test should run but it did not. Most likely a setup in some parent block failed."></failure>
    </testcase>
    <testcase name="Connect-ADOPS.Adding a third connection, setting this as default.Variable should contain three conenctions" status="Failed" classname="E:\GitHub\AZDOPS\Tests\Connect-ADOPS.Tests.ps1" assertions="0" time="0.000">
      <failure message="This test should run but it did not. Most likely a setup in some parent block failed."></failure>
    </testcase>
    <testcase name="Connect-ADOPS.Adding a third connection, setting this as default.Should add this connection to connection list" status="Failed" classname="E:\GitHub\AZDOPS\Tests\Connect-ADOPS.Tests.ps1" assertions="0" time="0.000">
      <failure message="This test should run but it did not. Most likely a setup in some parent block failed."></failure>
    </testcase>
    <testcase name="Connect-ADOPS.Adding a third connection, setting this as default.Should have only have one default conenction" status="Failed" classname="E:\GitHub\AZDOPS\Tests\Connect-ADOPS.Tests.ps1" assertions="0" time="0.000">
      <failure message="This test should run but it did not. Most likely a setup in some parent block failed."></failure>
    </testcase>
    <testcase name="Connect-ADOPS.Adding a third connection, setting this as default.Username of default connection should be set to " status="Failed" classname="E:\GitHub\AZDOPS\Tests\Connect-ADOPS.Tests.ps1" assertions="0" time="0.000">
      <failure message="This test should run but it did not. Most likely a setup in some parent block failed."></failure>
    </testcase>
    <testcase name="Adding connection using PSCredential.Initial connection, No previous connection created.Should create a ADOPSCredentials variable" status="Failed" classname="E:\GitHub\AZDOPS\Tests\Connect-ADOPS.Tests.ps1" assertions="0" time="0.000">
      <failure message="This test should run but it did not. Most likely a setup in some parent block failed."></failure>
    </testcase>
    <testcase name="Adding connection using PSCredential.Initial connection, No previous connection created.ADOPSCredentials variable Should be a hashtable" status="Failed" classname="E:\GitHub\AZDOPS\Tests\Connect-ADOPS.Tests.ps1" assertions="0" time="0.000">
      <failure message="This test should run but it did not. Most likely a setup in some parent block failed."></failure>
    </testcase>
    <testcase name="Adding connection using PSCredential.Initial connection, No previous connection created.Variable should contain one conenction" status="Failed" classname="E:\GitHub\AZDOPS\Tests\Connect-ADOPS.Tests.ps1" assertions="0" time="0.000">
      <failure message="This test should run but it did not. Most likely a setup in some parent block failed."></failure>
    </testcase>
    <testcase name="Adding connection using PSCredential.Initial connection, No previous connection created.Should have set one default conenction" status="Failed" classname="E:\GitHub\AZDOPS\Tests\Connect-ADOPS.Tests.ps1" assertions="0" time="0.000">
      <failure message="This test should run but it did not. Most likely a setup in some parent block failed."></failure>
    </testcase>
    <testcase name="Adding connection using PSCredential.Initial connection, No previous connection created.Variable should be encrypted (PSCredential)" status="Failed" classname="E:\GitHub\AZDOPS\Tests\Connect-ADOPS.Tests.ps1" assertions="0" time="0.000">
      <failure message="This test should run but it did not. Most likely a setup in some parent block failed."></failure>
    </testcase>
    <testcase name="Adding connection using PSCredential.Initial connection, No previous connection created.Username should be set" status="Failed" classname="E:\GitHub\AZDOPS\Tests\Connect-ADOPS.Tests.ps1" assertions="0" time="0.000">
      <failure message="This test should run but it did not. Most likely a setup in some parent block failed."></failure>
    </testcase>
    <testcase name="Adding connection using PSCredential.Initial connection, No previous connection created.Password should be set" status="Failed" classname="E:\GitHub\AZDOPS\Tests\Connect-ADOPS.Tests.ps1" assertions="0" time="0.000">
      <failure message="This test should run but it did not. Most likely a setup in some parent block failed."></failure>
    </testcase>
    <testcase name="Adding connection using PSCredential.Initial connection, No previous connection created.AzDoOrganization should be set as key" status="Failed" classname="E:\GitHub\AZDOPS\Tests\Connect-ADOPS.Tests.ps1" assertions="0" time="0.000">
      <failure message="This test should run but it did not. Most likely a setup in some parent block failed."></failure>
    </testcase>
    <testcase name="Adding connection using PSCredential.Initial connection, No previous connection created.Should have called mock" status="Failed" classname="E:\GitHub\AZDOPS\Tests\Connect-ADOPS.Tests.ps1" assertions="0" time="0.000">
      <failure message="This test should run but it did not. Most likely a setup in some parent block failed."></failure>
    </testcase>
    <testcase name="Bugfixes.#47 - External variables.If a console variable is set it should not throw error" status="Failed" classname="E:\GitHub\AZDOPS\Tests\Connect-ADOPS.Tests.ps1" assertions="0" time="0.251">
      <failure message="Expected no exception to be thrown, but an exception &quot;A parameter cannot be found that matches parameter name 'Username'.&quot; was thrown from E:\GitHub\AZDOPS\Tests\Connect-ADOPS.Tests.ps1:288 char:28&#xD;&#xA;    +             {Connect-ADOPS -Username 'DummyUser1' -PersonalAccessToke …&#xD;&#xA;    +                            ~~~~~~~~~.">at {Connect-ADOPS -Username 'DummyUser1' -PersonalAccessToken 'MyPatGoesHere' -Organization 'MyOrg'} | Should -Not -Throw, E:\GitHub\AZDOPS\Tests\Connect-ADOPS.Tests.ps1:288
at &lt;ScriptBlock&gt;, E:\GitHub\AZDOPS\Tests\Connect-ADOPS.Tests.ps1:288</failure>
    </testcase>
  </testsuite>
  <testsuite name="E:\GitHub\AZDOPS\Tests\Disconnect-ADOPS.tests.ps1" tests="6" errors="0" failures="6" hostname="DESKTOP-H0JJQ0I" id="1" skipped="0" disabled="0" package="E:\GitHub\AZDOPS\Tests\Disconnect-ADOPS.tests.ps1" time="1.176">
    <properties>
      <property name="user" value="Emanuel" />
      <property name="os-version" value="10.0.19044" />
      <property name="user-domain" value="DESKTOP-H0JJQ0I" />
      <property name="machine-name" value="DESKTOP-H0JJQ0I" />
      <property name="cwd" value="E:\GitHub\AZDOPS" />
      <property name="platform" value="Microsoft Windows 10 Pro|C:\Windows|\Device\Harddisk0\Partition3" />
      <property name="junit-version" value="4" />
      <property name="clr-version" value="Unknown" />
    </properties>
    <testcase name="Disconnect-ADOPS.Parameters.Should have parameter Organization" status="Failed" classname="E:\GitHub\AZDOPS\Tests\Disconnect-ADOPS.tests.ps1" assertions="0" time="0.082">
      <failure message="Expected command Disconnect-ADOPS to have a parameter Organization, but the parameter is missing.">at Get-Command Disconnect-ADOPS | Should -HaveParameter $_.Name -Mandatory:$_.Mandatory -Type $_.Type, E:\GitHub\AZDOPS\Tests\Disconnect-ADOPS.tests.ps1:21
at &lt;ScriptBlock&gt;, E:\GitHub\AZDOPS\Tests\Disconnect-ADOPS.tests.ps1:21</failure>
    </testcase>
    <testcase name="Disconnect-ADOPS.Command tests.should throw when organization not specified if multiple connections" status="Failed" classname="E:\GitHub\AZDOPS\Tests\Disconnect-ADOPS.tests.ps1" assertions="0" time="0.109">
      <failure message="Expected an exception, to be thrown, but no exception was thrown.">at { Disconnect-ADOPS } | Should -Throw, E:\GitHub\AZDOPS\Tests\Disconnect-ADOPS.tests.ps1:61
at &lt;ScriptBlock&gt;, E:\GitHub\AZDOPS\Tests\Disconnect-ADOPS.tests.ps1:61</failure>
    </testcase>
    <testcase name="Disconnect-ADOPS.Command tests.removes the credential for the specified organization" status="Failed" classname="E:\GitHub\AZDOPS\Tests\Disconnect-ADOPS.tests.ps1" assertions="0" time="0.101">
      <failure message="ParameterBindingException: A parameter cannot be found that matches parameter name 'Organization'.">at &lt;ScriptBlock&gt;, E:\GitHub\AZDOPS\Tests\Disconnect-ADOPS.tests.ps1:72</failure>
    </testcase>
    <testcase name="Disconnect-ADOPS.Command tests.sets the credential of another organization to default if default is removed" status="Failed" classname="E:\GitHub\AZDOPS\Tests\Disconnect-ADOPS.tests.ps1" assertions="0" time="0.094">
      <failure message="ParameterBindingException: A parameter cannot be found that matches parameter name 'Organization'.">at &lt;ScriptBlock&gt;, E:\GitHub\AZDOPS\Tests\Disconnect-ADOPS.tests.ps1:83</failure>
    </testcase>
    <testcase name="Disconnect-ADOPS.Command tests.removes the last connection without parameter when only one" status="Failed" classname="E:\GitHub\AZDOPS\Tests\Disconnect-ADOPS.tests.ps1" assertions="0" time="0.102">
      <failure message="Expected exactly 1, but got 3.">at $Script:ADOPSCredentials.Count | Should -BeExactly 1, E:\GitHub\AZDOPS\Tests\Disconnect-ADOPS.tests.ps1:91
at &lt;ScriptBlock&gt;, E:\GitHub\AZDOPS\Tests\Disconnect-ADOPS.tests.ps1:91</failure>
    </testcase>
    <testcase name="Disconnect-ADOPS.Validate throw when no Connections..should throw when no Connections is availiable" status="Failed" classname="E:\GitHub\AZDOPS\Tests\Disconnect-ADOPS.tests.ps1" assertions="0" time="0.110">
      <failure message="Expected an exception, to be thrown, but no exception was thrown.">at { Disconnect-ADOPS } | Should -Throw, E:\GitHub\AZDOPS\Tests\Disconnect-ADOPS.tests.ps1:108
at &lt;ScriptBlock&gt;, E:\GitHub\AZDOPS\Tests\Disconnect-ADOPS.tests.ps1:108</failure>
    </testcase>
  </testsuite>
  <testsuite name="E:\GitHub\AZDOPS\Tests\Get-ADOPSAuditActions.Tests.ps1" tests="4" errors="0" failures="0" hostname="DESKTOP-H0JJQ0I" id="2" skipped="0" disabled="0" package="E:\GitHub\AZDOPS\Tests\Get-ADOPSAuditActions.Tests.ps1" time="1.168">
    <properties>
      <property name="user" value="Emanuel" />
      <property name="os-version" value="10.0.19044" />
      <property name="user-domain" value="DESKTOP-H0JJQ0I" />
      <property name="machine-name" value="DESKTOP-H0JJQ0I" />
      <property name="cwd" value="E:\GitHub\AZDOPS" />
      <property name="platform" value="Microsoft Windows 10 Pro|C:\Windows|\Device\Harddisk0\Partition3" />
      <property name="junit-version" value="4" />
      <property name="clr-version" value="Unknown" />
    </properties>
    <testcase name="Get-ADOPSAuditActions.Parameters.Should have parameter Organization" status="Passed" classname="E:\GitHub\AZDOPS\Tests\Get-ADOPSAuditActions.Tests.ps1" assertions="0" time="0.059" />
    <testcase name="Get-ADOPSAuditActions.functionality.Should not get organization from GetADOPSDefaultOrganization when organization parameter is used" status="Passed" classname="E:\GitHub\AZDOPS\Tests\Get-ADOPSAuditActions.Tests.ps1" assertions="0" time="0.165" />
    <testcase name="Get-ADOPSAuditActions.functionality.Should get organization using GetADOPSDefaultOrganization when organization parameter is not used" status="Passed" classname="E:\GitHub\AZDOPS\Tests\Get-ADOPSAuditActions.Tests.ps1" assertions="0" time="0.167" />
    <testcase name="Get-ADOPSAuditActions.functionality.Should return something" status="Passed" classname="E:\GitHub\AZDOPS\Tests\Get-ADOPSAuditActions.Tests.ps1" assertions="0" time="0.108" />
  </testsuite>
  <testsuite name="E:\GitHub\AZDOPS\Tests\Get-ADOPSElasticPool.Tests.ps1" tests="9" errors="0" failures="0" hostname="DESKTOP-H0JJQ0I" id="3" skipped="0" disabled="0" package="E:\GitHub\AZDOPS\Tests\Get-ADOPSElasticPool.Tests.ps1" time="1.482">
    <properties>
      <property name="user" value="Emanuel" />
      <property name="os-version" value="10.0.19044" />
      <property name="user-domain" value="DESKTOP-H0JJQ0I" />
      <property name="machine-name" value="DESKTOP-H0JJQ0I" />
      <property name="cwd" value="E:\GitHub\AZDOPS" />
      <property name="platform" value="Microsoft Windows 10 Pro|C:\Windows|\Device\Harddisk0\Partition3" />
      <property name="junit-version" value="4" />
      <property name="clr-version" value="Unknown" />
    </properties>
    <testcase name="Get-ADOPSElasticPool.Parameters.Should have parameter Organization" status="Passed" classname="E:\GitHub\AZDOPS\Tests\Get-ADOPSElasticPool.Tests.ps1" assertions="0" time="0.056" />
    <testcase name="Get-ADOPSElasticPool.Parameters.Should have parameter PoolId" status="Passed" classname="E:\GitHub\AZDOPS\Tests\Get-ADOPSElasticPool.Tests.ps1" assertions="0" time="0.054" />
    <testcase name="Get-ADOPSElasticPool.Function returns elastic pools.Returns elastic pool" status="Passed" classname="E:\GitHub\AZDOPS\Tests\Get-ADOPSElasticPool.Tests.ps1" assertions="0" time="0.090" />
    <testcase name="Get-ADOPSElasticPool.Function returns elastic pools.Returns elastic pool without poolid specified" status="Passed" classname="E:\GitHub\AZDOPS\Tests\Get-ADOPSElasticPool.Tests.ps1" assertions="0" time="0.081" />
    <testcase name="Get-ADOPSElasticPool.Function returns elastic pools.Returns an id" status="Passed" classname="E:\GitHub\AZDOPS\Tests\Get-ADOPSElasticPool.Tests.ps1" assertions="0" time="0.083" />
    <testcase name="Get-ADOPSElasticPool.Function returns elastic pools.Returns an azure id" status="Passed" classname="E:\GitHub\AZDOPS\Tests\Get-ADOPSElasticPool.Tests.ps1" assertions="0" time="0.094" />
    <testcase name="Get-ADOPSElasticPool.Function returns elastic pools.Calls InvokeADOPSRestMethod with correct parameters when Organization is used" status="Passed" classname="E:\GitHub\AZDOPS\Tests\Get-ADOPSElasticPool.Tests.ps1" assertions="0" time="0.114" />
    <testcase name="Get-ADOPSElasticPool.Function returns elastic pools.Calls InvokeADOPSRestMethod when no parameters is used" status="Passed" classname="E:\GitHub\AZDOPS\Tests\Get-ADOPSElasticPool.Tests.ps1" assertions="0" time="0.127" />
    <testcase name="Get-ADOPSElasticPool.Function returns elastic pools.Can handle single elastic pool responses from API" status="Passed" classname="E:\GitHub\AZDOPS\Tests\Get-ADOPSElasticPool.Tests.ps1" assertions="0" time="0.109" />
  </testsuite>
  <testsuite name="E:\GitHub\AZDOPS\Tests\Get-ADOPSFileContent.Tests.ps1" tests="8" errors="0" failures="0" hostname="DESKTOP-H0JJQ0I" id="4" skipped="0" disabled="0" package="E:\GitHub\AZDOPS\Tests\Get-ADOPSFileContent.Tests.ps1" time="1.251">
    <properties>
      <property name="user" value="Emanuel" />
      <property name="os-version" value="10.0.19044" />
      <property name="user-domain" value="DESKTOP-H0JJQ0I" />
      <property name="machine-name" value="DESKTOP-H0JJQ0I" />
      <property name="cwd" value="E:\GitHub\AZDOPS" />
      <property name="platform" value="Microsoft Windows 10 Pro|C:\Windows|\Device\Harddisk0\Partition3" />
      <property name="junit-version" value="4" />
      <property name="clr-version" value="Unknown" />
    </properties>
    <testcase name="Get-ADOPSFileContent.Parameters.Should have parameter Organization" status="Passed" classname="E:\GitHub\AZDOPS\Tests\Get-ADOPSFileContent.Tests.ps1" assertions="0" time="0.055" />
    <testcase name="Get-ADOPSFileContent.Parameters.Should have parameter Project" status="Passed" classname="E:\GitHub\AZDOPS\Tests\Get-ADOPSFileContent.Tests.ps1" assertions="0" time="0.058" />
    <testcase name="Get-ADOPSFileContent.Parameters.Should have parameter RepositoryId" status="Passed" classname="E:\GitHub\AZDOPS\Tests\Get-ADOPSFileContent.Tests.ps1" assertions="0" time="0.055" />
    <testcase name="Get-ADOPSFileContent.Parameters.Should have parameter FilePath" status="Passed" classname="E:\GitHub\AZDOPS\Tests\Get-ADOPSFileContent.Tests.ps1" assertions="0" time="0.055" />
    <testcase name="Get-ADOPSFileContent.Functionality.Should not get organization from GetADOPSDefaultOrganization when organization parameter is used" status="Passed" classname="E:\GitHub\AZDOPS\Tests\Get-ADOPSFileContent.Tests.ps1" assertions="0" time="0.099" />
    <testcase name="Get-ADOPSFileContent.Functionality.Should get organization using GetADOPSDefaultOrganization when organization parameter is not used" status="Passed" classname="E:\GitHub\AZDOPS\Tests\Get-ADOPSFileContent.Tests.ps1" assertions="0" time="0.121" />
    <testcase name="Get-ADOPSFileContent.Functionality.If file path does not start with a /, prepend it" status="Passed" classname="E:\GitHub\AZDOPS\Tests\Get-ADOPSFileContent.Tests.ps1" assertions="0" time="0.123" />
    <testcase name="Get-ADOPSFileContent.Functionality.Url should be correctly structured" status="Passed" classname="E:\GitHub\AZDOPS\Tests\Get-ADOPSFileContent.Tests.ps1" assertions="0" time="0.120" />
  </testsuite>
  <testsuite name="E:\GitHub\AZDOPS\Tests\Get-ADOPSGroup.Tests.ps1" tests="8" errors="0" failures="0" hostname="DESKTOP-H0JJQ0I" id="5" skipped="0" disabled="0" package="E:\GitHub\AZDOPS\Tests\Get-ADOPSGroup.Tests.ps1" time="1.875">
    <properties>
      <property name="user" value="Emanuel" />
      <property name="os-version" value="10.0.19044" />
      <property name="user-domain" value="DESKTOP-H0JJQ0I" />
      <property name="machine-name" value="DESKTOP-H0JJQ0I" />
      <property name="cwd" value="E:\GitHub\AZDOPS" />
      <property name="platform" value="Microsoft Windows 10 Pro|C:\Windows|\Device\Harddisk0\Partition3" />
      <property name="junit-version" value="4" />
      <property name="clr-version" value="Unknown" />
    </properties>
    <testcase name="Get-ADOPSGroup.Parameters.Should have parameter Organization" status="Passed" classname="E:\GitHub\AZDOPS\Tests\Get-ADOPSGroup.Tests.ps1" assertions="0" time="0.058" />
    <testcase name="Get-ADOPSGroup.Parameters.Should have parameter ContinuationToken" status="Passed" classname="E:\GitHub\AZDOPS\Tests\Get-ADOPSGroup.Tests.ps1" assertions="0" time="0.056" />
    <testcase name="Get-ADOPSGroup.Uri.Verifying URI, no continuationtoken" status="Passed" classname="E:\GitHub\AZDOPS\Tests\Get-ADOPSGroup.Tests.ps1" assertions="0" time="0.096" />
    <testcase name="Get-ADOPSGroup.Uri.Verifying URI, with continuationtoken" status="Passed" classname="E:\GitHub\AZDOPS\Tests\Get-ADOPSGroup.Tests.ps1" assertions="0" time="0.085" />
    <testcase name="Get-ADOPSGroup.Organization.Should get not organization from GetADOPSDefaultOrganization when organization parameter is used" status="Passed" classname="E:\GitHub\AZDOPS\Tests\Get-ADOPSGroup.Tests.ps1" assertions="0" time="0.101" />
    <testcase name="Get-ADOPSGroup.Organization.Should get organization using GetADOPSDefaultOrganization when organization parameter is not used" status="Passed" classname="E:\GitHub\AZDOPS\Tests\Get-ADOPSGroup.Tests.ps1" assertions="0" time="0.119" />
    <testcase name="Get-ADOPSGroup.Function returns all users.Returns 3 groups" status="Passed" classname="E:\GitHub\AZDOPS\Tests\Get-ADOPSGroup.Tests.ps1" assertions="0" time="0.181" />
    <testcase name="Get-ADOPSGroup.Function returns all users.Calls InvokeADOPSRestMethod with the correct query params" status="Passed" classname="E:\GitHub\AZDOPS\Tests\Get-ADOPSGroup.Tests.ps1" assertions="0" time="0.212" />
  </testsuite>
  <testsuite name="E:\GitHub\AZDOPS\Tests\Get-ADOPSNode.Tests.ps1" tests="8" errors="0" failures="0" hostname="DESKTOP-H0JJQ0I" id="6" skipped="0" disabled="0" package="E:\GitHub\AZDOPS\Tests\Get-ADOPSNode.Tests.ps1" time="1.336">
    <properties>
      <property name="user" value="Emanuel" />
      <property name="os-version" value="10.0.19044" />
      <property name="user-domain" value="DESKTOP-H0JJQ0I" />
      <property name="machine-name" value="DESKTOP-H0JJQ0I" />
      <property name="cwd" value="E:\GitHub\AZDOPS" />
      <property name="platform" value="Microsoft Windows 10 Pro|C:\Windows|\Device\Harddisk0\Partition3" />
      <property name="junit-version" value="4" />
      <property name="clr-version" value="Unknown" />
    </properties>
    <testcase name="Get-ADOPSNode.Parameters.Should have parameter Organization" status="Passed" classname="E:\GitHub\AZDOPS\Tests\Get-ADOPSNode.Tests.ps1" assertions="0" time="0.055" />
    <testcase name="Get-ADOPSNode.Parameters.Should have parameter PoolId" status="Passed" classname="E:\GitHub\AZDOPS\Tests\Get-ADOPSNode.Tests.ps1" assertions="0" time="0.053" />
    <testcase name="Get-ADOPSNode.Function returns repositories.Returns nodes" status="Passed" classname="E:\GitHub\AZDOPS\Tests\Get-ADOPSNode.Tests.ps1" assertions="0" time="0.195" />
    <testcase name="Get-ADOPSNode.Function returns repositories.Returns an id" status="Passed" classname="E:\GitHub\AZDOPS\Tests\Get-ADOPSNode.Tests.ps1" assertions="0" time="0.076" />
    <testcase name="Get-ADOPSNode.Function returns repositories.Returns a node name" status="Passed" classname="E:\GitHub\AZDOPS\Tests\Get-ADOPSNode.Tests.ps1" assertions="0" time="0.077" />
    <testcase name="Get-ADOPSNode.Function returns repositories.Calls InvokeADOPSRestMethod with correct parameters when Organization is used" status="Passed" classname="E:\GitHub\AZDOPS\Tests\Get-ADOPSNode.Tests.ps1" assertions="0" time="0.117" />
    <testcase name="Get-ADOPSNode.Function returns repositories.Calls InvokeADOPSRestMethod when only PoolId is used" status="Passed" classname="E:\GitHub\AZDOPS\Tests\Get-ADOPSNode.Tests.ps1" assertions="0" time="0.122" />
    <testcase name="Get-ADOPSNode.Function returns repositories.Can handle single node responses from API" status="Passed" classname="E:\GitHub\AZDOPS\Tests\Get-ADOPSNode.Tests.ps1" assertions="0" time="0.097" />
  </testsuite>
  <testsuite name="E:\GitHub\AZDOPS\Tests\Get-ADOPSPipeline.Tests.ps1" tests="10" errors="0" failures="0" hostname="DESKTOP-H0JJQ0I" id="7" skipped="0" disabled="0" package="E:\GitHub\AZDOPS\Tests\Get-ADOPSPipeline.Tests.ps1" time="1.930">
    <properties>
      <property name="user" value="Emanuel" />
      <property name="os-version" value="10.0.19044" />
      <property name="user-domain" value="DESKTOP-H0JJQ0I" />
      <property name="machine-name" value="DESKTOP-H0JJQ0I" />
      <property name="cwd" value="E:\GitHub\AZDOPS" />
      <property name="platform" value="Microsoft Windows 10 Pro|C:\Windows|\Device\Harddisk0\Partition3" />
      <property name="junit-version" value="4" />
      <property name="clr-version" value="Unknown" />
    </properties>
    <testcase name="Get-ADOPSPipeline.Parameters.Should have parameter Organization" status="Passed" classname="E:\GitHub\AZDOPS\Tests\Get-ADOPSPipeline.Tests.ps1" assertions="0" time="0.055" />
    <testcase name="Get-ADOPSPipeline.Parameters.Should have parameter Project" status="Passed" classname="E:\GitHub\AZDOPS\Tests\Get-ADOPSPipeline.Tests.ps1" assertions="0" time="0.056" />
    <testcase name="Get-ADOPSPipeline.Parameters.Should have parameter name" status="Passed" classname="E:\GitHub\AZDOPS\Tests\Get-ADOPSPipeline.Tests.ps1" assertions="0" time="0.052" />
    <testcase name="Get-ADOPSPipeline.Getting Pipeline.uses InvokeADOPSRestMethod two times" status="Passed" classname="E:\GitHub\AZDOPS\Tests\Get-ADOPSPipeline.Tests.ps1" assertions="0" time="0.177" />
    <testcase name="Get-ADOPSPipeline.Getting Pipeline.returns output after getting pipeline" status="Passed" classname="E:\GitHub\AZDOPS\Tests\Get-ADOPSPipeline.Tests.ps1" assertions="0" time="0.130" />
    <testcase name="Get-ADOPSPipeline.Getting Pipeline.should not throw with mandatory parameters" status="Passed" classname="E:\GitHub\AZDOPS\Tests\Get-ADOPSPipeline.Tests.ps1" assertions="0" time="0.129" />
    <testcase name="Get-ADOPSPipeline.Getting Pipeline.should not throw without Organization parameter" status="Passed" classname="E:\GitHub\AZDOPS\Tests\Get-ADOPSPipeline.Tests.ps1" assertions="0" time="0.292" />
    <testcase name="Get-ADOPSPipeline.Getting Pipeline.should throw if pipeline name does not exist" status="Passed" classname="E:\GitHub\AZDOPS\Tests\Get-ADOPSPipeline.Tests.ps1" assertions="0" time="0.134" />
    <testcase name="Get-ADOPSPipeline.Getting Pipeline.returns single output after getting pipeline" status="Passed" classname="E:\GitHub\AZDOPS\Tests\Get-ADOPSPipeline.Tests.ps1" assertions="0" time="0.134" />
    <testcase name="Get-ADOPSPipeline.Getting Pipeline.returns multiple outputs after getting pipelines" status="Passed" classname="E:\GitHub\AZDOPS\Tests\Get-ADOPSPipeline.Tests.ps1" assertions="0" time="0.194" />
  </testsuite>
  <testsuite name="E:\GitHub\AZDOPS\Tests\Get-ADOPSPipelineTask.Tests.ps1" tests="11" errors="0" failures="0" hostname="DESKTOP-H0JJQ0I" id="8" skipped="0" disabled="0" package="E:\GitHub\AZDOPS\Tests\Get-ADOPSPipelineTask.Tests.ps1" time="1.883">
    <properties>
      <property name="user" value="Emanuel" />
      <property name="os-version" value="10.0.19044" />
      <property name="user-domain" value="DESKTOP-H0JJQ0I" />
      <property name="machine-name" value="DESKTOP-H0JJQ0I" />
      <property name="cwd" value="E:\GitHub\AZDOPS" />
      <property name="platform" value="Microsoft Windows 10 Pro|C:\Windows|\Device\Harddisk0\Partition3" />
      <property name="junit-version" value="4" />
      <property name="clr-version" value="Unknown" />
    </properties>
    <testcase name="Get-ADOPSPipelineTask.Parameters.Should have parameter Organization" status="Passed" classname="E:\GitHub\AZDOPS\Tests\Get-ADOPSPipelineTask.Tests.ps1" assertions="0" time="0.055" />
    <testcase name="Get-ADOPSPipelineTask.Parameters.Should have parameter Name" status="Passed" classname="E:\GitHub\AZDOPS\Tests\Get-ADOPSPipelineTask.Tests.ps1" assertions="0" time="0.052" />
    <testcase name="Get-ADOPSPipelineTask.Parameters.Should have parameter Version" status="Passed" classname="E:\GitHub\AZDOPS\Tests\Get-ADOPSPipelineTask.Tests.ps1" assertions="0" time="0.055" />
    <testcase name="Get-ADOPSPipelineTask.Functionality.Should not get organization from GetADOPSDefaultOrganization when organization parameter is used" status="Passed" classname="E:\GitHub\AZDOPS\Tests\Get-ADOPSPipelineTask.Tests.ps1" assertions="0" time="0.102" />
    <testcase name="Get-ADOPSPipelineTask.Functionality.Should get organization using GetADOPSDefaultOrganization when organization parameter is not used" status="Passed" classname="E:\GitHub\AZDOPS\Tests\Get-ADOPSPipelineTask.Tests.ps1" assertions="0" time="0.122" />
    <testcase name="Get-ADOPSPipelineTask.Functionality.It should call the API using no extra parameters" status="Passed" classname="E:\GitHub\AZDOPS\Tests\Get-ADOPSPipelineTask.Tests.ps1" assertions="0" time="0.126" />
    <testcase name="Get-ADOPSPipelineTask.Functionality.Because of how this endpoint behaves, output should be a hashtable" status="Passed" classname="E:\GitHub\AZDOPS\Tests\Get-ADOPSPipelineTask.Tests.ps1" assertions="0" time="0.261" />
    <testcase name="Get-ADOPSPipelineTask.Functionality.If a name is given it should return only that name, one version returned" status="Passed" classname="E:\GitHub\AZDOPS\Tests\Get-ADOPSPipelineTask.Tests.ps1" assertions="0" time="0.139" />
    <testcase name="Get-ADOPSPipelineTask.Functionality.If a name is given it should return only that name, two versions returned" status="Passed" classname="E:\GitHub\AZDOPS\Tests\Get-ADOPSPipelineTask.Tests.ps1" assertions="0" time="0.141" />
    <testcase name="Get-ADOPSPipelineTask.Functionality.If a version is given it should return only that version, one version returned" status="Passed" classname="E:\GitHub\AZDOPS\Tests\Get-ADOPSPipelineTask.Tests.ps1" assertions="0" time="0.131" />
    <testcase name="Get-ADOPSPipelineTask.Functionality.If a version is given it should return only that version, two versions returned" status="Passed" classname="E:\GitHub\AZDOPS\Tests\Get-ADOPSPipelineTask.Tests.ps1" assertions="0" time="0.123" />
  </testsuite>
  <testsuite name="E:\GitHub\AZDOPS\Tests\Get-ADOPSPool.Tests.ps1" tests="12" errors="0" failures="0" hostname="DESKTOP-H0JJQ0I" id="9" skipped="0" disabled="0" package="E:\GitHub\AZDOPS\Tests\Get-ADOPSPool.Tests.ps1" time="1.764">
    <properties>
      <property name="user" value="Emanuel" />
      <property name="os-version" value="10.0.19044" />
      <property name="user-domain" value="DESKTOP-H0JJQ0I" />
      <property name="machine-name" value="DESKTOP-H0JJQ0I" />
      <property name="cwd" value="E:\GitHub\AZDOPS" />
      <property name="platform" value="Microsoft Windows 10 Pro|C:\Windows|\Device\Harddisk0\Partition3" />
      <property name="junit-version" value="4" />
      <property name="clr-version" value="Unknown" />
    </properties>
    <testcase name="Get-ADOPSPool.Parameters.Should have parameter Organization" status="Passed" classname="E:\GitHub\AZDOPS\Tests\Get-ADOPSPool.Tests.ps1" assertions="0" time="0.062" />
    <testcase name="Get-ADOPSPool.Parameters.Should have parameter PoolId" status="Passed" classname="E:\GitHub\AZDOPS\Tests\Get-ADOPSPool.Tests.ps1" assertions="0" time="0.052" />
    <testcase name="Get-ADOPSPool.Parameters.Should have parameter PoolName" status="Passed" classname="E:\GitHub\AZDOPS\Tests\Get-ADOPSPool.Tests.ps1" assertions="0" time="0.050" />
    <testcase name="Get-ADOPSPool.Parameters.Should have parameter IncludeLegacy" status="Passed" classname="E:\GitHub\AZDOPS\Tests\Get-ADOPSPool.Tests.ps1" assertions="0" time="0.052" />
    <testcase name="Get-ADOPSPool.Function returns agent pools.Returns nodes" status="Passed" classname="E:\GitHub\AZDOPS\Tests\Get-ADOPSPool.Tests.ps1" assertions="0" time="0.096" />
    <testcase name="Get-ADOPSPool.Function returns agent pools.Returns an name" status="Passed" classname="E:\GitHub\AZDOPS\Tests\Get-ADOPSPool.Tests.ps1" assertions="0" time="0.080" />
    <testcase name="Get-ADOPSPool.Function returns agent pools.Returns all pools when Legacy is included" status="Passed" classname="E:\GitHub\AZDOPS\Tests\Get-ADOPSPool.Tests.ps1" assertions="0" time="0.092" />
    <testcase name="Get-ADOPSPool.Function returns agent pools.Returns only non legacy pools when Legacy is not set and no parameters given" status="Passed" classname="E:\GitHub\AZDOPS\Tests\Get-ADOPSPool.Tests.ps1" assertions="0" time="0.113" />
    <testcase name="Get-ADOPSPool.Function returns agent pools.Calls InvokeADOPSRestMethod with correct parameters when Organization is used" status="Passed" classname="E:\GitHub\AZDOPS\Tests\Get-ADOPSPool.Tests.ps1" assertions="0" time="0.110" />
    <testcase name="Get-ADOPSPool.Function returns agent pools.Calls InvokeADOPSRestMethod when only PoolId is used" status="Passed" classname="E:\GitHub\AZDOPS\Tests\Get-ADOPSPool.Tests.ps1" assertions="0" time="0.145" />
    <testcase name="Get-ADOPSPool.Function returns agent pools.Calls InvokeADOPSRestMethod when only PoolName is used" status="Passed" classname="E:\GitHub\AZDOPS\Tests\Get-ADOPSPool.Tests.ps1" assertions="0" time="0.133" />
    <testcase name="Get-ADOPSPool.Function returns agent pools.Can handle single node responses from API" status="Passed" classname="E:\GitHub\AZDOPS\Tests\Get-ADOPSPool.Tests.ps1" assertions="0" time="0.117" />
  </testsuite>
  <testsuite name="E:\GitHub\AZDOPS\Tests\Get-ADOPSProject.Tests.ps1" tests="5" errors="0" failures="0" hostname="DESKTOP-H0JJQ0I" id="10" skipped="0" disabled="0" package="E:\GitHub\AZDOPS\Tests\Get-ADOPSProject.Tests.ps1" time="0.961">
    <properties>
      <property name="user" value="Emanuel" />
      <property name="os-version" value="10.0.19044" />
      <property name="user-domain" value="DESKTOP-H0JJQ0I" />
      <property name="machine-name" value="DESKTOP-H0JJQ0I" />
      <property name="cwd" value="E:\GitHub\AZDOPS" />
      <property name="platform" value="Microsoft Windows 10 Pro|C:\Windows|\Device\Harddisk0\Partition3" />
      <property name="junit-version" value="4" />
      <property name="clr-version" value="Unknown" />
    </properties>
    <testcase name="Get-ADOPSProject.Parameters.Should have parameter Organization" status="Passed" classname="E:\GitHub\AZDOPS\Tests\Get-ADOPSProject.Tests.ps1" assertions="0" time="0.062" />
    <testcase name="Get-ADOPSProject.Parameters.Should have parameter Project" status="Passed" classname="E:\GitHub\AZDOPS\Tests\Get-ADOPSProject.Tests.ps1" assertions="0" time="0.049" />
    <testcase name="Get-ADOPSProject.Get project.uses InvokeADOPSRestMethod one time." status="Passed" classname="E:\GitHub\AZDOPS\Tests\Get-ADOPSProject.Tests.ps1" assertions="0" time="0.121" />
    <testcase name="Get-ADOPSProject.Get project.returns output after getting project" status="Passed" classname="E:\GitHub\AZDOPS\Tests\Get-ADOPSProject.Tests.ps1" assertions="0" time="0.081" />
    <testcase name="Get-ADOPSProject.Get project.should not throw with no parameters" status="Passed" classname="E:\GitHub\AZDOPS\Tests\Get-ADOPSProject.Tests.ps1" assertions="0" time="0.118" />
  </testsuite>
  <testsuite name="E:\GitHub\AZDOPS\Tests\Get-ADOPSRepository.Tests.ps1" tests="8" errors="0" failures="0" hostname="DESKTOP-H0JJQ0I" id="11" skipped="0" disabled="0" package="E:\GitHub\AZDOPS\Tests\Get-ADOPSRepository.Tests.ps1" time="1.268">
    <properties>
      <property name="user" value="Emanuel" />
      <property name="os-version" value="10.0.19044" />
      <property name="user-domain" value="DESKTOP-H0JJQ0I" />
      <property name="machine-name" value="DESKTOP-H0JJQ0I" />
      <property name="cwd" value="E:\GitHub\AZDOPS" />
      <property name="platform" value="Microsoft Windows 10 Pro|C:\Windows|\Device\Harddisk0\Partition3" />
      <property name="junit-version" value="4" />
      <property name="clr-version" value="Unknown" />
    </properties>
    <testcase name="Get-ADOPSRepository.Parameters.Should have parameter Organization" status="Passed" classname="E:\GitHub\AZDOPS\Tests\Get-ADOPSRepository.Tests.ps1" assertions="0" time="0.174" />
    <testcase name="Get-ADOPSRepository.Parameters.Should have parameter Project" status="Passed" classname="E:\GitHub\AZDOPS\Tests\Get-ADOPSRepository.Tests.ps1" assertions="0" time="0.054" />
    <testcase name="Get-ADOPSRepository.Parameters.Should have parameter Repository" status="Passed" classname="E:\GitHub\AZDOPS\Tests\Get-ADOPSRepository.Tests.ps1" assertions="0" time="0.048" />
    <testcase name="Get-ADOPSRepository.Function returns repositories.Returns repositories" status="Passed" classname="E:\GitHub\AZDOPS\Tests\Get-ADOPSRepository.Tests.ps1" assertions="0" time="0.086" />
    <testcase name="Get-ADOPSRepository.Function returns repositories.Returns repositories without organization specified" status="Passed" classname="E:\GitHub\AZDOPS\Tests\Get-ADOPSRepository.Tests.ps1" assertions="0" time="0.101" />
    <testcase name="Get-ADOPSRepository.Function returns repositories.Returns an id" status="Passed" classname="E:\GitHub\AZDOPS\Tests\Get-ADOPSRepository.Tests.ps1" assertions="0" time="0.077" />
    <testcase name="Get-ADOPSRepository.Function returns repositories.Calls InvokeADOPSRestMethod with correct parameters when repository is used" status="Passed" classname="E:\GitHub\AZDOPS\Tests\Get-ADOPSRepository.Tests.ps1" assertions="0" time="0.100" />
    <testcase name="Get-ADOPSRepository.Function returns repositories.Can handle single repository responses from API" status="Passed" classname="E:\GitHub\AZDOPS\Tests\Get-ADOPSRepository.Tests.ps1" assertions="0" time="0.097" />
  </testsuite>
  <testsuite name="E:\GitHub\AZDOPS\Tests\Get-ADOPSServiceConnection.Tests.ps1" tests="9" errors="0" failures="0" hostname="DESKTOP-H0JJQ0I" id="12" skipped="0" disabled="0" package="E:\GitHub\AZDOPS\Tests\Get-ADOPSServiceConnection.Tests.ps1" time="1.490">
    <properties>
      <property name="user" value="Emanuel" />
      <property name="os-version" value="10.0.19044" />
      <property name="user-domain" value="DESKTOP-H0JJQ0I" />
      <property name="machine-name" value="DESKTOP-H0JJQ0I" />
      <property name="cwd" value="E:\GitHub\AZDOPS" />
      <property name="platform" value="Microsoft Windows 10 Pro|C:\Windows|\Device\Harddisk0\Partition3" />
      <property name="junit-version" value="4" />
      <property name="clr-version" value="Unknown" />
    </properties>
    <testcase name="Get-ADOPSServiceConnection.Parameters.Should have parameter Organization" status="Passed" classname="E:\GitHub\AZDOPS\Tests\Get-ADOPSServiceConnection.Tests.ps1" assertions="0" time="0.065" />
    <testcase name="Get-ADOPSServiceConnection.Parameters.Should have parameter Project" status="Passed" classname="E:\GitHub\AZDOPS\Tests\Get-ADOPSServiceConnection.Tests.ps1" assertions="0" time="0.050" />
    <testcase name="Get-ADOPSServiceConnection.Parameters.Should have parameter Name" status="Passed" classname="E:\GitHub\AZDOPS\Tests\Get-ADOPSServiceConnection.Tests.ps1" assertions="0" time="0.050" />
    <testcase name="Get-ADOPSServiceConnection.Command tests.uses InvokeADOPSRestMethod one time." status="Passed" classname="E:\GitHub\AZDOPS\Tests\Get-ADOPSServiceConnection.Tests.ps1" assertions="0" time="0.165" />
    <testcase name="Get-ADOPSServiceConnection.Command tests.returns output after getting pipeline" status="Passed" classname="E:\GitHub\AZDOPS\Tests\Get-ADOPSServiceConnection.Tests.ps1" assertions="0" time="0.088" />
    <testcase name="Get-ADOPSServiceConnection.Command tests.should not throw without optional parameters" status="Passed" classname="E:\GitHub\AZDOPS\Tests\Get-ADOPSServiceConnection.Tests.ps1" assertions="0" time="0.119" />
    <testcase name="Get-ADOPSServiceConnection.Command tests.should throw if connection name does not exist" status="Passed" classname="E:\GitHub\AZDOPS\Tests\Get-ADOPSServiceConnection.Tests.ps1" assertions="0" time="0.229" />
    <testcase name="Get-ADOPSServiceConnection.Command tests.returns single output after getting pipeline" status="Passed" classname="E:\GitHub\AZDOPS\Tests\Get-ADOPSServiceConnection.Tests.ps1" assertions="0" time="0.085" />
    <testcase name="Get-ADOPSServiceConnection.Command tests.returns multiple outputs after getting pipelines" status="Passed" classname="E:\GitHub\AZDOPS\Tests\Get-ADOPSServiceConnection.Tests.ps1" assertions="0" time="0.119" />
  </testsuite>
  <testsuite name="E:\GitHub\AZDOPS\Tests\Get-ADOPSUsageData.Tests.ps1" tests="9" errors="0" failures="0" hostname="DESKTOP-H0JJQ0I" id="13" skipped="0" disabled="0" package="E:\GitHub\AZDOPS\Tests\Get-ADOPSUsageData.Tests.ps1" time="1.464">
    <properties>
      <property name="user" value="Emanuel" />
      <property name="os-version" value="10.0.19044" />
      <property name="user-domain" value="DESKTOP-H0JJQ0I" />
      <property name="machine-name" value="DESKTOP-H0JJQ0I" />
      <property name="cwd" value="E:\GitHub\AZDOPS" />
      <property name="platform" value="Microsoft Windows 10 Pro|C:\Windows|\Device\Harddisk0\Partition3" />
      <property name="junit-version" value="4" />
      <property name="clr-version" value="Unknown" />
    </properties>
    <testcase name="Get-ADOPSUsageData.Parameters.Should have parameter Organization" status="Passed" classname="E:\GitHub\AZDOPS\Tests\Get-ADOPSUsageData.Tests.ps1" assertions="0" time="0.059" />
    <testcase name="Get-ADOPSUsageData.Parameters.Should have parameter ProjectVisibility" status="Passed" classname="E:\GitHub\AZDOPS\Tests\Get-ADOPSUsageData.Tests.ps1" assertions="0" time="0.047" />
    <testcase name="Get-ADOPSUsageData.Parameters.Should have parameter SelfHosted" status="Passed" classname="E:\GitHub\AZDOPS\Tests\Get-ADOPSUsageData.Tests.ps1" assertions="0" time="0.049" />
    <testcase name="Get-ADOPSUsageData.Verifying request data.Should not get organization from GetADOPSDefaultOrganization when organization parameter is used" status="Passed" classname="E:\GitHub\AZDOPS\Tests\Get-ADOPSUsageData.Tests.ps1" assertions="0" time="0.084" />
    <testcase name="Get-ADOPSUsageData.Verifying request data.Should get organization using GetADOPSDefaultOrganization when organization parameter is not used" status="Passed" classname="E:\GitHub\AZDOPS\Tests\Get-ADOPSUsageData.Tests.ps1" assertions="0" time="0.136" />
    <testcase name="Get-ADOPSUsageData.Verifying request data.Verifying request uri, ProjectVisibility:Private, SelfHosted:true" status="Passed" classname="E:\GitHub\AZDOPS\Tests\Get-ADOPSUsageData.Tests.ps1" assertions="0" time="0.124" />
    <testcase name="Get-ADOPSUsageData.Verifying request data.Verifying request uri, ProjectVisibility:Public, SelfHosted:false" status="Passed" classname="E:\GitHub\AZDOPS\Tests\Get-ADOPSUsageData.Tests.ps1" assertions="0" time="0.107" />
    <testcase name="Get-ADOPSUsageData.Verifying request data.Verifying request uri, no parameters" status="Passed" classname="E:\GitHub\AZDOPS\Tests\Get-ADOPSUsageData.Tests.ps1" assertions="0" time="0.105" />
    <testcase name="Get-ADOPSUsageData.Verifying request data.Verifying method: Get" status="Passed" classname="E:\GitHub\AZDOPS\Tests\Get-ADOPSUsageData.Tests.ps1" assertions="0" time="0.124" />
  </testsuite>
  <testsuite name="E:\GitHub\AZDOPS\Tests\Get-ADOPSUser.Tests.ps1" tests="12" errors="0" failures="0" hostname="DESKTOP-H0JJQ0I" id="14" skipped="0" disabled="0" package="E:\GitHub\AZDOPS\Tests\Get-ADOPSUser.Tests.ps1" time="2.285">
    <properties>
      <property name="user" value="Emanuel" />
      <property name="os-version" value="10.0.19044" />
      <property name="user-domain" value="DESKTOP-H0JJQ0I" />
      <property name="machine-name" value="DESKTOP-H0JJQ0I" />
      <property name="cwd" value="E:\GitHub\AZDOPS" />
      <property name="platform" value="Microsoft Windows 10 Pro|C:\Windows|\Device\Harddisk0\Partition3" />
      <property name="junit-version" value="4" />
      <property name="clr-version" value="Unknown" />
    </properties>
    <testcase name="Get-ADOPSUser.Parameters.Should have parameter Organization" status="Passed" classname="E:\GitHub\AZDOPS\Tests\Get-ADOPSUser.Tests.ps1" assertions="0" time="0.051" />
    <testcase name="Get-ADOPSUser.Parameters.Should have parameter Name" status="Passed" classname="E:\GitHub\AZDOPS\Tests\Get-ADOPSUser.Tests.ps1" assertions="0" time="0.049" />
    <testcase name="Get-ADOPSUser.Parameters.Should have parameter Descriptor" status="Passed" classname="E:\GitHub\AZDOPS\Tests\Get-ADOPSUser.Tests.ps1" assertions="0" time="0.047" />
    <testcase name="Get-ADOPSUser.Parameters.Should have parameter ContinuationToken" status="Passed" classname="E:\GitHub\AZDOPS\Tests\Get-ADOPSUser.Tests.ps1" assertions="0" time="0.048" />
    <testcase name="Get-ADOPSUser.Organization.Should not get organization from GetADOPSDefaultOrganization when organization parameter is used" status="Passed" classname="E:\GitHub\AZDOPS\Tests\Get-ADOPSUser.Tests.ps1" assertions="0" time="0.098" />
    <testcase name="Get-ADOPSUser.Organization.Should get organization using GetADOPSDefaultOrganization when organization parameter is not used" status="Passed" classname="E:\GitHub\AZDOPS\Tests\Get-ADOPSUser.Tests.ps1" assertions="0" time="0.125" />
    <testcase name="Get-ADOPSUser.Function returns all users.Returns 3 users" status="Passed" classname="E:\GitHub\AZDOPS\Tests\Get-ADOPSUser.Tests.ps1" assertions="0" time="0.156" />
    <testcase name="Get-ADOPSUser.Function returns all users.Calls InvokeADOPSRestMethod with the correct query params" status="Passed" classname="E:\GitHub\AZDOPS\Tests\Get-ADOPSUser.Tests.ps1" assertions="0" time="0.197" />
    <testcase name="Get-ADOPSUser.Function returns single user by descriptor.Returns user by descriptor" status="Passed" classname="E:\GitHub\AZDOPS\Tests\Get-ADOPSUser.Tests.ps1" assertions="0" time="0.114" />
    <testcase name="Get-ADOPSUser.Function returns single user by descriptor.Calls InvokeADOPSRestMethod with the correct query params" status="Passed" classname="E:\GitHub\AZDOPS\Tests\Get-ADOPSUser.Tests.ps1" assertions="0" time="0.266" />
    <testcase name="Get-ADOPSUser.Function returns users by query.Returns users by query string" status="Passed" classname="E:\GitHub\AZDOPS\Tests\Get-ADOPSUser.Tests.ps1" assertions="0" time="0.117" />
    <testcase name="Get-ADOPSUser.Function returns users by query.Calls InvokeADOPSRestMethod with the correct query pararms" status="Passed" classname="E:\GitHub\AZDOPS\Tests\Get-ADOPSUser.Tests.ps1" assertions="0" time="0.122" />
  </testsuite>
  <testsuite name="E:\GitHub\AZDOPS\Tests\Get-ADOPSWiki.Tests.ps1" tests="10" errors="0" failures="0" hostname="DESKTOP-H0JJQ0I" id="15" skipped="0" disabled="0" package="E:\GitHub\AZDOPS\Tests\Get-ADOPSWiki.Tests.ps1" time="1.515">
    <properties>
      <property name="user" value="Emanuel" />
      <property name="os-version" value="10.0.19044" />
      <property name="user-domain" value="DESKTOP-H0JJQ0I" />
      <property name="machine-name" value="DESKTOP-H0JJQ0I" />
      <property name="cwd" value="E:\GitHub\AZDOPS" />
      <property name="platform" value="Microsoft Windows 10 Pro|C:\Windows|\Device\Harddisk0\Partition3" />
      <property name="junit-version" value="4" />
      <property name="clr-version" value="Unknown" />
    </properties>
    <testcase name="Get-ADOPSWiki.Parameters.Should have parameter Organization" status="Passed" classname="E:\GitHub\AZDOPS\Tests\Get-ADOPSWiki.Tests.ps1" assertions="0" time="0.056" />
    <testcase name="Get-ADOPSWiki.Parameters.Should have parameter WikiId" status="Passed" classname="E:\GitHub\AZDOPS\Tests\Get-ADOPSWiki.Tests.ps1" assertions="0" time="0.045" />
    <testcase name="Get-ADOPSWiki.Parameters.Should have parameter Project" status="Passed" classname="E:\GitHub\AZDOPS\Tests\Get-ADOPSWiki.Tests.ps1" assertions="0" time="0.048" />
    <testcase name="Get-ADOPSWiki.Functionality.Should not get organization from GetADOPSDefaultOrganization when organization parameter is used" status="Passed" classname="E:\GitHub\AZDOPS\Tests\Get-ADOPSWiki.Tests.ps1" assertions="0" time="0.091" />
    <testcase name="Get-ADOPSWiki.Functionality.Should get organization using GetADOPSDefaultOrganization when organization parameter is not used" status="Passed" classname="E:\GitHub\AZDOPS\Tests\Get-ADOPSWiki.Tests.ps1" assertions="0" time="0.102" />
    <testcase name="Get-ADOPSWiki.Functionality.If result has a value member, it should be returned" status="Passed" classname="E:\GitHub\AZDOPS\Tests\Get-ADOPSWiki.Tests.ps1" assertions="0" time="0.113" />
    <testcase name="Get-ADOPSWiki.Functionality.If result does not have value member, it should be returned" status="Passed" classname="E:\GitHub\AZDOPS\Tests\Get-ADOPSWiki.Tests.ps1" assertions="0" time="0.105" />
    <testcase name="Get-ADOPSWiki.Functionality.Verifying URI, no WikiID given" status="Passed" classname="E:\GitHub\AZDOPS\Tests\Get-ADOPSWiki.Tests.ps1" assertions="0" time="0.111" />
    <testcase name="Get-ADOPSWiki.Functionality.Verifying URI, WikiID given" status="Passed" classname="E:\GitHub\AZDOPS\Tests\Get-ADOPSWiki.Tests.ps1" assertions="0" time="0.225" />
    <testcase name="Get-ADOPSWiki.Functionality.Verifying method" status="Passed" classname="E:\GitHub\AZDOPS\Tests\Get-ADOPSWiki.Tests.ps1" assertions="0" time="0.110" />
  </testsuite>
  <testsuite name="E:\GitHub\AZDOPS\Tests\GetADOPSDefaultOrganization.Tests.ps1" tests="3" errors="0" failures="0" hostname="DESKTOP-H0JJQ0I" id="16" skipped="0" disabled="0" package="E:\GitHub\AZDOPS\Tests\GetADOPSDefaultOrganization.Tests.ps1" time="0.804">
    <properties>
      <property name="user" value="Emanuel" />
      <property name="os-version" value="10.0.19044" />
      <property name="user-domain" value="DESKTOP-H0JJQ0I" />
      <property name="machine-name" value="DESKTOP-H0JJQ0I" />
      <property name="cwd" value="E:\GitHub\AZDOPS" />
      <property name="platform" value="Microsoft Windows 10 Pro|C:\Windows|\Device\Harddisk0\Partition3" />
      <property name="junit-version" value="4" />
      <property name="clr-version" value="Unknown" />
    </properties>
    <testcase name="GetADOPSDefaultOrganization.Parameters.Should have no parameters" status="Passed" classname="E:\GitHub\AZDOPS\Tests\GetADOPSDefaultOrganization.Tests.ps1" assertions="0" time="0.052" />
    <testcase name="GetADOPSDefaultOrganization.It should return the default organization.Token should contain organization name" status="Passed" classname="E:\GitHub\AZDOPS\Tests\GetADOPSDefaultOrganization.Tests.ps1" assertions="0" time="0.097" />
    <testcase name="GetADOPSDefaultOrganization.Bugfixes.#149 - Add clear error message if user runs commands without first connecting" status="Passed" classname="E:\GitHub\AZDOPS\Tests\GetADOPSDefaultOrganization.Tests.ps1" assertions="0" time="0.154" />
  </testsuite>
  <testsuite name="E:\GitHub\AZDOPS\Tests\Grant-ADOPSPipelinePermission.Tests.ps1" tests="14" errors="0" failures="3" hostname="DESKTOP-H0JJQ0I" id="17" skipped="0" disabled="0" package="E:\GitHub\AZDOPS\Tests\Grant-ADOPSPipelinePermission.Tests.ps1" time="1.830">
    <properties>
      <property name="user" value="Emanuel" />
      <property name="os-version" value="10.0.19044" />
      <property name="user-domain" value="DESKTOP-H0JJQ0I" />
      <property name="machine-name" value="DESKTOP-H0JJQ0I" />
      <property name="cwd" value="E:\GitHub\AZDOPS" />
      <property name="platform" value="Microsoft Windows 10 Pro|C:\Windows|\Device\Harddisk0\Partition3" />
      <property name="junit-version" value="4" />
      <property name="clr-version" value="Unknown" />
    </properties>
    <testcase name="Grant-ADOPSPipelinePermission.Parameters.Should have parameter Organization" status="Passed" classname="E:\GitHub\AZDOPS\Tests\Grant-ADOPSPipelinePermission.Tests.ps1" assertions="0" time="0.063" />
    <testcase name="Grant-ADOPSPipelinePermission.Parameters.Should have parameter Project" status="Passed" classname="E:\GitHub\AZDOPS\Tests\Grant-ADOPSPipelinePermission.Tests.ps1" assertions="0" time="0.059" />
    <testcase name="Grant-ADOPSPipelinePermission.Parameters.Should have parameter PipelineId" status="Passed" classname="E:\GitHub\AZDOPS\Tests\Grant-ADOPSPipelinePermission.Tests.ps1" assertions="0" time="0.057" />
    <testcase name="Grant-ADOPSPipelinePermission.Parameters.Should have parameter ResourceType" status="Passed" classname="E:\GitHub\AZDOPS\Tests\Grant-ADOPSPipelinePermission.Tests.ps1" assertions="0" time="0.060" />
    <testcase name="Grant-ADOPSPipelinePermission.Parameters.Should have parameter ResourceId" status="Passed" classname="E:\GitHub\AZDOPS\Tests\Grant-ADOPSPipelinePermission.Tests.ps1" assertions="0" time="0.059" />
    <testcase name="Grant-ADOPSPipelinePermission.Parameters.Should have parameter AllPipelines" status="Passed" classname="E:\GitHub\AZDOPS\Tests\Grant-ADOPSPipelinePermission.Tests.ps1" assertions="0" time="0.058" />
    <testcase name="Grant-ADOPSPipelinePermission.Parameters.Should throw if ResourceType is not correct" status="Passed" classname="E:\GitHub\AZDOPS\Tests\Grant-ADOPSPipelinePermission.Tests.ps1" assertions="0" time="0.049" />
    <testcase name="Grant-ADOPSPipelinePermission.Granting access to a pipeline.If organization is given, it should not call GetADOPSDefaultOrganization" status="Passed" classname="E:\GitHub\AZDOPS\Tests\Grant-ADOPSPipelinePermission.Tests.ps1" assertions="0" time="0.089" />
    <testcase name="Grant-ADOPSPipelinePermission.Granting access to a pipeline.If organization is not given, it should call GetADOPSDefaultOrganization" status="Passed" classname="E:\GitHub\AZDOPS\Tests\Grant-ADOPSPipelinePermission.Tests.ps1" assertions="0" time="0.110" />
    <testcase name="Grant-ADOPSPipelinePermission.Granting access to a pipeline.Should invoke with PATCH" status="Passed" classname="E:\GitHub\AZDOPS\Tests\Grant-ADOPSPipelinePermission.Tests.ps1" assertions="0" time="0.092" />
    <testcase name="Grant-ADOPSPipelinePermission.Granting access to a pipeline.Should invoke corret Uri when organization is not used" status="Failed" classname="E:\GitHub\AZDOPS\Tests\Grant-ADOPSPipelinePermission.Tests.ps1" assertions="0" time="0.122">
      <failure message="Expected 'https://dev.azure.com/myorg/myproject/_apis/pipelines/pipelinepermissions/variablegroup/1?api-version=7.1-preview.1', but got https://dev.azure.com/DummyOrg/myproject/_apis/pipelines/pipelinepermissions/VariableGroup/1?api-version=7.1-preview.1.">at (Grant-ADOPSPipelinePermission -Project "myproject" -PipelineId 42 -ResourceType "variablegroup" -ResourceId 1).Uri | Should -Be "https://dev.azure.com/myorg/myproject/_apis/pipelines/pipelinepermissions/variablegroup/1?api-version=7.1-preview.1", E:\GitHub\AZDOPS\Tests\Grant-ADOPSPipelinePermission.Tests.ps1:105
at &lt;ScriptBlock&gt;, E:\GitHub\AZDOPS\Tests\Grant-ADOPSPipelinePermission.Tests.ps1:105</failure>
    </testcase>
    <testcase name="Grant-ADOPSPipelinePermission.Granting access to a pipeline.Should invoke corret Uri when organization is used" status="Passed" classname="E:\GitHub\AZDOPS\Tests\Grant-ADOPSPipelinePermission.Tests.ps1" assertions="0" time="0.077" />
    <testcase name="Grant-ADOPSPipelinePermission.Granting access to a pipeline.Should invoke with correct body" status="Failed" classname="E:\GitHub\AZDOPS\Tests\Grant-ADOPSPipelinePermission.Tests.ps1" assertions="0" time="0.131">
      <failure message="Expected 'https://dev.azure.com/myorg/myproject/_apis/pipelines/pipelinepermissions/variablegroup/1?api-version=7.1-preview.1', but got https://dev.azure.com/DummyOrg/myproject/_apis/pipelines/pipelinepermissions/VariableGroup/1?api-version=7.1-preview.1.">at $Request.Uri | Should -Be "https://dev.azure.com/myorg/myproject/_apis/pipelines/pipelinepermissions/variablegroup/1?api-version=7.1-preview.1", E:\GitHub\AZDOPS\Tests\Grant-ADOPSPipelinePermission.Tests.ps1:115
at &lt;ScriptBlock&gt;, E:\GitHub\AZDOPS\Tests\Grant-ADOPSPipelinePermission.Tests.ps1:115</failure>
    </testcase>
    <testcase name="Grant-ADOPSPipelinePermission.Granting access to a pipeline.Should invoke with correct body for all pipelines" status="Failed" classname="E:\GitHub\AZDOPS\Tests\Grant-ADOPSPipelinePermission.Tests.ps1" assertions="0" time="0.136">
      <failure message="Expected 'https://dev.azure.com/myorg/myproject/_apis/pipelines/pipelinepermissions/variablegroup/1?api-version=7.1-preview.1', but got https://dev.azure.com/DummyOrg/myproject/_apis/pipelines/pipelinepermissions/VariableGroup/1?api-version=7.1-preview.1.">at $Request.Uri | Should -Be "https://dev.azure.com/myorg/myproject/_apis/pipelines/pipelinepermissions/variablegroup/1?api-version=7.1-preview.1", E:\GitHub\AZDOPS\Tests\Grant-ADOPSPipelinePermission.Tests.ps1:121
at &lt;ScriptBlock&gt;, E:\GitHub\AZDOPS\Tests\Grant-ADOPSPipelinePermission.Tests.ps1:121</failure>
    </testcase>
  </testsuite>
  <testsuite name="E:\GitHub\AZDOPS\Tests\Import-ADOPSRepository.Tests.ps1" tests="17" errors="0" failures="0" hostname="DESKTOP-H0JJQ0I" id="18" skipped="0" disabled="0" package="E:\GitHub\AZDOPS\Tests\Import-ADOPSRepository.Tests.ps1" time="1.914">
    <properties>
      <property name="user" value="Emanuel" />
      <property name="os-version" value="10.0.19044" />
      <property name="user-domain" value="DESKTOP-H0JJQ0I" />
      <property name="machine-name" value="DESKTOP-H0JJQ0I" />
      <property name="cwd" value="E:\GitHub\AZDOPS" />
      <property name="platform" value="Microsoft Windows 10 Pro|C:\Windows|\Device\Harddisk0\Partition3" />
      <property name="junit-version" value="4" />
      <property name="clr-version" value="Unknown" />
    </properties>
    <testcase name="Import-ADOPSRepository.Parameters.Should have parameter GitSource" status="Passed" classname="E:\GitHub\AZDOPS\Tests\Import-ADOPSRepository.Tests.ps1" assertions="0" time="0.051" />
    <testcase name="Import-ADOPSRepository.Parameters.Should have parameter RepositoryId" status="Passed" classname="E:\GitHub\AZDOPS\Tests\Import-ADOPSRepository.Tests.ps1" assertions="0" time="0.050" />
    <testcase name="Import-ADOPSRepository.Parameters.Should have parameter RepositoryName" status="Passed" classname="E:\GitHub\AZDOPS\Tests\Import-ADOPSRepository.Tests.ps1" assertions="0" time="0.045" />
    <testcase name="Import-ADOPSRepository.Parameters.Should have parameter Organization" status="Passed" classname="E:\GitHub\AZDOPS\Tests\Import-ADOPSRepository.Tests.ps1" assertions="0" time="0.046" />
    <testcase name="Import-ADOPSRepository.Parameters.Should have parameter Project" status="Passed" classname="E:\GitHub\AZDOPS\Tests\Import-ADOPSRepository.Tests.ps1" assertions="0" time="0.061" />
    <testcase name="Import-ADOPSRepository.Parameters.Should have parameter wait" status="Passed" classname="E:\GitHub\AZDOPS\Tests\Import-ADOPSRepository.Tests.ps1" assertions="0" time="0.171" />
    <testcase name="Import-ADOPSRepository.Parameters.RepositoryId parameter should only be in RepositoryId ParameterSet" status="Passed" classname="E:\GitHub\AZDOPS\Tests\Import-ADOPSRepository.Tests.ps1" assertions="0" time="0.051" />
    <testcase name="Import-ADOPSRepository.Parameters.RepositoryName parameter should only be in RepositoryName ParameterSet" status="Passed" classname="E:\GitHub\AZDOPS\Tests\Import-ADOPSRepository.Tests.ps1" assertions="0" time="0.047" />
    <testcase name="Import-ADOPSRepository.Parameters.Default ParameterSet should be &quot;RepositoryName&quot;" status="Passed" classname="E:\GitHub\AZDOPS\Tests\Import-ADOPSRepository.Tests.ps1" assertions="0" time="0.051" />
    <testcase name="Import-ADOPSRepository.Running command.If organization is given, it should not call GetADOPSDefaultOrganization" status="Passed" classname="E:\GitHub\AZDOPS\Tests\Import-ADOPSRepository.Tests.ps1" assertions="0" time="0.080" />
    <testcase name="Import-ADOPSRepository.Running command.If organization is not given, it should call GetADOPSDefaultOrganization" status="Passed" classname="E:\GitHub\AZDOPS\Tests\Import-ADOPSRepository.Tests.ps1" assertions="0" time="0.097" />
    <testcase name="Import-ADOPSRepository.Running command.Invoke should be correct, Verifying method &quot;Post&quot;" status="Passed" classname="E:\GitHub\AZDOPS\Tests\Import-ADOPSRepository.Tests.ps1" assertions="0" time="0.084" />
    <testcase name="Import-ADOPSRepository.Running command.Invoke should be correct, Verifying URI using RepositoryName" status="Passed" classname="E:\GitHub\AZDOPS\Tests\Import-ADOPSRepository.Tests.ps1" assertions="0" time="0.066" />
    <testcase name="Import-ADOPSRepository.Running command.Invoke should be correct, Verifying URI using RepositoryId" status="Passed" classname="E:\GitHub\AZDOPS\Tests\Import-ADOPSRepository.Tests.ps1" assertions="0" time="0.067" />
    <testcase name="Import-ADOPSRepository.Running command.Invoke should be correct, Verifying URI without Organization" status="Passed" classname="E:\GitHub\AZDOPS\Tests\Import-ADOPSRepository.Tests.ps1" assertions="0" time="0.086" />
    <testcase name="Import-ADOPSRepository.Running command.Invoke should be correct, Verifying body" status="Passed" classname="E:\GitHub\AZDOPS\Tests\Import-ADOPSRepository.Tests.ps1" assertions="0" time="0.068" />
    <testcase name="Import-ADOPSRepository.Running command.if wait is defined, waits until status is &quot;completed&quot;" status="Passed" classname="E:\GitHub\AZDOPS\Tests\Import-ADOPSRepository.Tests.ps1" assertions="0" time="0.242" />
  </testsuite>
  <testsuite name="E:\GitHub\AZDOPS\Tests\Invoke-ADOPSRestMethod.Tests.ps1" tests="7" errors="0" failures="0" hostname="DESKTOP-H0JJQ0I" id="19" skipped="0" disabled="0" package="E:\GitHub\AZDOPS\Tests\Invoke-ADOPSRestMethod.Tests.ps1" time="0.936">
    <properties>
      <property name="user" value="Emanuel" />
      <property name="os-version" value="10.0.19044" />
      <property name="user-domain" value="DESKTOP-H0JJQ0I" />
      <property name="machine-name" value="DESKTOP-H0JJQ0I" />
      <property name="cwd" value="E:\GitHub\AZDOPS" />
      <property name="platform" value="Microsoft Windows 10 Pro|C:\Windows|\Device\Harddisk0\Partition3" />
      <property name="junit-version" value="4" />
      <property name="clr-version" value="Unknown" />
    </properties>
    <testcase name="Invoke-ADOPSRestMethod.Parameters.Should have parameter Uri" status="Passed" classname="E:\GitHub\AZDOPS\Tests\Invoke-ADOPSRestMethod.Tests.ps1" assertions="0" time="0.048" />
    <testcase name="Invoke-ADOPSRestMethod.Parameters.Should have parameter Method" status="Passed" classname="E:\GitHub\AZDOPS\Tests\Invoke-ADOPSRestMethod.Tests.ps1" assertions="0" time="0.043" />
    <testcase name="Invoke-ADOPSRestMethod.Parameters.Should have parameter Body" status="Passed" classname="E:\GitHub\AZDOPS\Tests\Invoke-ADOPSRestMethod.Tests.ps1" assertions="0" time="0.043" />
    <testcase name="Invoke-ADOPSRestMethod.Functionality.Method should default to &quot;Get&quot;" status="Passed" classname="E:\GitHub\AZDOPS\Tests\Invoke-ADOPSRestMethod.Tests.ps1" assertions="0" time="0.086" />
    <testcase name="Invoke-ADOPSRestMethod.Functionality.Method should be set" status="Passed" classname="E:\GitHub\AZDOPS\Tests\Invoke-ADOPSRestMethod.Tests.ps1" assertions="0" time="0.079" />
    <testcase name="Invoke-ADOPSRestMethod.Functionality.Uri should be set" status="Passed" classname="E:\GitHub\AZDOPS\Tests\Invoke-ADOPSRestMethod.Tests.ps1" assertions="0" time="0.081" />
    <testcase name="Invoke-ADOPSRestMethod.Functionality.If a body is given, post should include body" status="Passed" classname="E:\GitHub\AZDOPS\Tests\Invoke-ADOPSRestMethod.Tests.ps1" assertions="0" time="0.082" />
  </testsuite>
  <testsuite name="E:\GitHub\AZDOPS\Tests\InvokeADOPSRestMethod.Tests.ps1" tests="16" errors="0" failures="3" hostname="DESKTOP-H0JJQ0I" id="20" skipped="0" disabled="0" package="E:\GitHub\AZDOPS\Tests\InvokeADOPSRestMethod.Tests.ps1" time="2.202">
    <properties>
      <property name="user" value="Emanuel" />
      <property name="os-version" value="10.0.19044" />
      <property name="user-domain" value="DESKTOP-H0JJQ0I" />
      <property name="machine-name" value="DESKTOP-H0JJQ0I" />
      <property name="cwd" value="E:\GitHub\AZDOPS" />
      <property name="platform" value="Microsoft Windows 10 Pro|C:\Windows|\Device\Harddisk0\Partition3" />
      <property name="junit-version" value="4" />
      <property name="clr-version" value="Unknown" />
    </properties>
    <testcase name="InvokeADOPSRestMethod.Parameters.Should have parameter method" status="Passed" classname="E:\GitHub\AZDOPS\Tests\InvokeADOPSRestMethod.Tests.ps1" assertions="0" time="0.046" />
    <testcase name="InvokeADOPSRestMethod.Parameters.Should have parameter body" status="Passed" classname="E:\GitHub\AZDOPS\Tests\InvokeADOPSRestMethod.Tests.ps1" assertions="0" time="0.043" />
    <testcase name="InvokeADOPSRestMethod.Parameters.Should have parameter uri" status="Passed" classname="E:\GitHub\AZDOPS\Tests\InvokeADOPSRestMethod.Tests.ps1" assertions="0" time="0.065" />
    <testcase name="InvokeADOPSRestMethod.Parameters.Should have parameter Organization" status="Failed" classname="E:\GitHub\AZDOPS\Tests\InvokeADOPSRestMethod.Tests.ps1" assertions="0" time="0.062">
      <failure message="Expected command InvokeADOPSRestMethod to have a parameter Organization, but the parameter is missing.">at Get-Command InvokeADOPSRestMethod | Should -HaveParameter $_.Name -Mandatory:$_.Mandatory -Type $_.Type, E:\GitHub\AZDOPS\Tests\InvokeADOPSRestMethod.Tests.ps1:51
at &lt;ScriptBlock&gt;, E:\GitHub\AZDOPS\Tests\InvokeADOPSRestMethod.Tests.ps1:51</failure>
    </testcase>
    <testcase name="InvokeADOPSRestMethod.Parameters.Should have parameter ContentType" status="Passed" classname="E:\GitHub\AZDOPS\Tests\InvokeADOPSRestMethod.Tests.ps1" assertions="0" time="0.074" />
    <testcase name="InvokeADOPSRestMethod.Parameters.Should have parameter FullResponse" status="Passed" classname="E:\GitHub\AZDOPS\Tests\InvokeADOPSRestMethod.Tests.ps1" assertions="0" time="0.044" />
    <testcase name="InvokeADOPSRestMethod.Parameters.Should have parameter OutFile" status="Passed" classname="E:\GitHub\AZDOPS\Tests\InvokeADOPSRestMethod.Tests.ps1" assertions="0" time="0.043" />
    <testcase name="InvokeADOPSRestMethod.Building webrequest call.Should call GetADOPSDefaultOrganization" status="Failed" classname="E:\GitHub\AZDOPS\Tests\InvokeADOPSRestMethod.Tests.ps1" assertions="0" time="0.163">
      <failure message="Expected GetADOPSDefaultOrganization in module ADOPS to be called 1 times exactly, but was called 0 times">at Should -Invoke GetADOPSDefaultOrganization -ModuleName ADOPS -Exactly 1, E:\GitHub\AZDOPS\Tests\InvokeADOPSRestMethod.Tests.ps1:72
at &lt;ScriptBlock&gt;, E:\GitHub\AZDOPS\Tests\InvokeADOPSRestMethod.Tests.ps1:72</failure>
    </testcase>
    <testcase name="InvokeADOPSRestMethod.Building webrequest call.Verify URI is set" status="Passed" classname="E:\GitHub\AZDOPS\Tests\InvokeADOPSRestMethod.Tests.ps1" assertions="0" time="0.111" />
    <testcase name="InvokeADOPSRestMethod.Building webrequest call.Verify Method is set" status="Passed" classname="E:\GitHub\AZDOPS\Tests\InvokeADOPSRestMethod.Tests.ps1" assertions="0" time="0.109" />
    <testcase name="InvokeADOPSRestMethod.Building webrequest call.Verify ContentType is set" status="Passed" classname="E:\GitHub\AZDOPS\Tests\InvokeADOPSRestMethod.Tests.ps1" assertions="0" time="0.118" />
    <testcase name="InvokeADOPSRestMethod.Building webrequest call.Verify ContentType when parameter is used" status="Passed" classname="E:\GitHub\AZDOPS\Tests\InvokeADOPSRestMethod.Tests.ps1" assertions="0" time="0.108" />
    <testcase name="InvokeADOPSRestMethod.Building webrequest call.Verify Body is set" status="Passed" classname="E:\GitHub\AZDOPS\Tests\InvokeADOPSRestMethod.Tests.ps1" assertions="0" time="0.125" />
    <testcase name="InvokeADOPSRestMethod.Building webrequest call.Verify Header is set" status="Passed" classname="E:\GitHub\AZDOPS\Tests\InvokeADOPSRestMethod.Tests.ps1" assertions="0" time="0.109" />
    <testcase name="InvokeADOPSRestMethod.Building webrequest call.Parameters includes -Organization.If organization is given, it should not call GetADOPSDefaultOrganization" status="Passed" classname="E:\GitHub\AZDOPS\Tests\InvokeADOPSRestMethod.Tests.ps1" assertions="0" time="0.071" />
    <testcase name="InvokeADOPSRestMethod.Building webrequest call.Calling API.If we get a sign in window that should be treated as a failure" status="Failed" classname="E:\GitHub\AZDOPS\Tests\InvokeADOPSRestMethod.Tests.ps1" assertions="0" time="0.184">
      <failure message="Expected GetADOPSDefaultOrganization in module ADOPS to be called 1 times exactly, but was called 0 times">at Should -Invoke GetADOPSDefaultOrganization -ModuleName ADOPS -Exactly 1, E:\GitHub\AZDOPS\Tests\InvokeADOPSRestMethod.Tests.ps1:202
at &lt;ScriptBlock&gt;, E:\GitHub\AZDOPS\Tests\InvokeADOPSRestMethod.Tests.ps1:202</failure>
    </testcase>
  </testsuite>
  <testsuite name="E:\GitHub\AZDOPS\Tests\Module.tests.ps1" tests="377" errors="0" failures="6" hostname="DESKTOP-H0JJQ0I" id="21" skipped="0" disabled="0" package="E:\GitHub\AZDOPS\Tests\Module.tests.ps1" time="19.266">
    <properties>
      <property name="user" value="Emanuel" />
      <property name="os-version" value="10.0.19044" />
      <property name="user-domain" value="DESKTOP-H0JJQ0I" />
      <property name="machine-name" value="DESKTOP-H0JJQ0I" />
      <property name="cwd" value="E:\GitHub\AZDOPS" />
      <property name="platform" value="Microsoft Windows 10 Pro|C:\Windows|\Device\Harddisk0\Partition3" />
      <property name="junit-version" value="4" />
      <property name="clr-version" value="Unknown" />
    </properties>
    <testcase name="Module ADOPS.Validate public functions.Exported functions exist" status="Passed" classname="E:\GitHub\AZDOPS\Tests\Module.tests.ps1" assertions="0" time="0.046" />
    <testcase name="Module ADOPS.Validate public functions.Public function 'Connect-ADOPS' should have parameter Organization." status="Passed" classname="E:\GitHub\AZDOPS\Tests\Module.tests.ps1" assertions="0" time="0.050" />
    <testcase name="Module ADOPS.Validate public functions.Public function 'Get-ADOPSAuditActions' should have parameter Organization." status="Passed" classname="E:\GitHub\AZDOPS\Tests\Module.tests.ps1" assertions="0" time="0.044" />
    <testcase name="Module ADOPS.Validate public functions.Public function 'Get-ADOPSElasticPool' should have parameter Organization." status="Passed" classname="E:\GitHub\AZDOPS\Tests\Module.tests.ps1" assertions="0" time="0.045" />
    <testcase name="Module ADOPS.Validate public functions.Public function 'Get-ADOPSFileContent' should have parameter Organization." status="Passed" classname="E:\GitHub\AZDOPS\Tests\Module.tests.ps1" assertions="0" time="0.046" />
    <testcase name="Module ADOPS.Validate public functions.Public function 'Get-ADOPSGroup' should have parameter Organization." status="Passed" classname="E:\GitHub\AZDOPS\Tests\Module.tests.ps1" assertions="0" time="0.045" />
    <testcase name="Module ADOPS.Validate public functions.Public function 'Get-ADOPSNode' should have parameter Organization." status="Passed" classname="E:\GitHub\AZDOPS\Tests\Module.tests.ps1" assertions="0" time="0.046" />
    <testcase name="Module ADOPS.Validate public functions.Public function 'Get-ADOPSPipeline' should have parameter Organization." status="Passed" classname="E:\GitHub\AZDOPS\Tests\Module.tests.ps1" assertions="0" time="0.045" />
    <testcase name="Module ADOPS.Validate public functions.Public function 'Get-ADOPSPipelineTask' should have parameter Organization." status="Passed" classname="E:\GitHub\AZDOPS\Tests\Module.tests.ps1" assertions="0" time="0.047" />
    <testcase name="Module ADOPS.Validate public functions.Public function 'Get-ADOPSPool' should have parameter Organization." status="Passed" classname="E:\GitHub\AZDOPS\Tests\Module.tests.ps1" assertions="0" time="0.045" />
    <testcase name="Module ADOPS.Validate public functions.Public function 'Get-ADOPSProject' should have parameter Organization." status="Passed" classname="E:\GitHub\AZDOPS\Tests\Module.tests.ps1" assertions="0" time="0.045" />
    <testcase name="Module ADOPS.Validate public functions.Public function 'Get-ADOPSRepository' should have parameter Organization." status="Passed" classname="E:\GitHub\AZDOPS\Tests\Module.tests.ps1" assertions="0" time="0.045" />
    <testcase name="Module ADOPS.Validate public functions.Public function 'Get-ADOPSServiceConnection' should have parameter Organization." status="Passed" classname="E:\GitHub\AZDOPS\Tests\Module.tests.ps1" assertions="0" time="0.045" />
    <testcase name="Module ADOPS.Validate public functions.Public function 'Get-ADOPSUsageData' should have parameter Organization." status="Passed" classname="E:\GitHub\AZDOPS\Tests\Module.tests.ps1" assertions="0" time="0.047" />
    <testcase name="Module ADOPS.Validate public functions.Public function 'Get-ADOPSUser' should have parameter Organization." status="Passed" classname="E:\GitHub\AZDOPS\Tests\Module.tests.ps1" assertions="0" time="0.047" />
    <testcase name="Module ADOPS.Validate public functions.Public function 'Get-ADOPSWiki' should have parameter Organization." status="Passed" classname="E:\GitHub\AZDOPS\Tests\Module.tests.ps1" assertions="0" time="0.052" />
    <testcase name="Module ADOPS.Validate public functions.Public function 'Grant-ADOPSPipelinePermission' should have parameter Organization." status="Passed" classname="E:\GitHub\AZDOPS\Tests\Module.tests.ps1" assertions="0" time="0.046" />
    <testcase name="Module ADOPS.Validate public functions.Public function 'Import-ADOPSRepository' should have parameter Organization." status="Passed" classname="E:\GitHub\AZDOPS\Tests\Module.tests.ps1" assertions="0" time="0.046" />
[...]
    <testcase name="Set-ADOPSGitPermission.Parameters.Should have parameter RepositoryId" status="Passed" classname="E:\GitHub\AZDOPS\Tests\Set-ADOPSGitPermission.Tests.ps1" assertions="0" time="0.016" />
    <testcase name="Set-ADOPSGitPermission.Parameters.Should have parameter ProjectId" status="Passed" classname="E:\GitHub\AZDOPS\Tests\Set-ADOPSGitPermission.Tests.ps1" assertions="0" time="0.014" />
    <testcase name="Set-ADOPSGitPermission.Parameters.Should have parameter Descriptor" status="Passed" classname="E:\GitHub\AZDOPS\Tests\Set-ADOPSGitPermission.Tests.ps1" assertions="0" time="0.014" />
    <testcase name="Set-ADOPSGitPermission.Custom typed Parameters.Should have parameter Allow" status="Passed" classname="E:\GitHub\AZDOPS\Tests\Set-ADOPSGitPermission.Tests.ps1" assertions="0" time="0.020" />
    <testcase name="Set-ADOPSGitPermission.Custom typed Parameters.Should have parameter Deny" status="Passed" classname="E:\GitHub\AZDOPS\Tests\Set-ADOPSGitPermission.Tests.ps1" assertions="0" time="0.023" />
    <testcase name="Set-ADOPSGitPermission.Functionality.If organization is given, it should not call GetADOPSDefaultOrganization" status="Passed" classname="E:\GitHub\AZDOPS\Tests\Set-ADOPSGitPermission.Tests.ps1" assertions="0" time="0.045" />
    <testcase name="Set-ADOPSGitPermission.Functionality.If organization is not given, it should call GetADOPSDefaultOrganization" status="Passed" classname="E:\GitHub\AZDOPS\Tests\Set-ADOPSGitPermission.Tests.ps1" assertions="0" time="0.039" />
    <testcase name="Set-ADOPSGitPermission.Functionality.If neither allow or deny is set, it should not do anything" status="Passed" classname="E:\GitHub\AZDOPS\Tests\Set-ADOPSGitPermission.Tests.ps1" assertions="0" time="0.015" />
    <testcase name="Set-ADOPSGitPermission.Functionality.Should throw if user descriptor is not formated like a descriptor, too short" status="Passed" classname="E:\GitHub\AZDOPS\Tests\Set-ADOPSGitPermission.Tests.ps1" assertions="0" time="0.019" />
    <testcase name="Set-ADOPSGitPermission.Functionality.Should throw if Group descriptor is not formated like a descriptor, too short" status="Passed" classname="E:\GitHub\AZDOPS\Tests\Set-ADOPSGitPermission.Tests.ps1" assertions="0" time="0.015" />
    <testcase name="Set-ADOPSGitPermission.Functionality.Should throw if user descriptor is not formated like a descriptor, no first three letters" status="Passed" classname="E:\GitHub\AZDOPS\Tests\Set-ADOPSGitPermission.Tests.ps1" assertions="0" time="0.016" />
    <testcase name="Set-ADOPSGitPermission.Functionality.Should throw if projectID is not in correct format" status="Passed" classname="E:\GitHub\AZDOPS\Tests\Set-ADOPSGitPermission.Tests.ps1" assertions="0" time="0.017" />
    <testcase name="Set-ADOPSGitPermission.Functionality.Verifying tokenPath" status="Passed" classname="E:\GitHub\AZDOPS\Tests\Set-ADOPSGitPermission.Tests.ps1" assertions="0" time="0.039" />
    <testcase name="Set-ADOPSGitPermission.Functionality.Verifying SubjectDescriptor" status="Passed" classname="E:\GitHub\AZDOPS\Tests\Set-ADOPSGitPermission.Tests.ps1" assertions="0" time="0.052" />
    <testcase name="Set-ADOPSGitPermission.Functionality.Set allow to the expected int value, no input" status="Passed" classname="E:\GitHub\AZDOPS\Tests\Set-ADOPSGitPermission.Tests.ps1" assertions="0" time="0.036" />
    <testcase name="Set-ADOPSGitPermission.Functionality.Set deny to the expected int value, no input" status="Passed" classname="E:\GitHub\AZDOPS\Tests\Set-ADOPSGitPermission.Tests.ps1" assertions="0" time="0.036" />
    <testcase name="Set-ADOPSGitPermission.Functionality.Set allow to the expected int value, one input" status="Passed" classname="E:\GitHub\AZDOPS\Tests\Set-ADOPSGitPermission.Tests.ps1" assertions="0" time="0.034" />
    <testcase name="Set-ADOPSGitPermission.Functionality.Set deny to the expected int value, one input" status="Passed" classname="E:\GitHub\AZDOPS\Tests\Set-ADOPSGitPermission.Tests.ps1" assertions="0" time="0.034" />
    <testcase name="Set-ADOPSGitPermission.Functionality.Set allow to the expected int value, multiple inputs" status="Passed" classname="E:\GitHub\AZDOPS\Tests\Set-ADOPSGitPermission.Tests.ps1" assertions="0" time="0.039" />
    <testcase name="Set-ADOPSGitPermission.Functionality.Set deny to the expected int value, multiple inputs" status="Passed" classname="E:\GitHub\AZDOPS\Tests\Set-ADOPSGitPermission.Tests.ps1" assertions="0" time="0.036" />
    <testcase name="Set-ADOPSGitPermission.Functionality.Verifying body" status="Passed" classname="E:\GitHub\AZDOPS\Tests\Set-ADOPSGitPermission.Tests.ps1" assertions="0" time="0.049" />
  </testsuite>
  <testsuite name="E:\GitHub\AZDOPS\Tests\Set-ADOPSRepository.Tests.ps1" tests="17" errors="0" failures="0" hostname="DESKTOP-H0JJQ0I" id="42" skipped="0" disabled="0" package="E:\GitHub\AZDOPS\Tests\Set-ADOPSRepository.Tests.ps1" time="0.685">
    <properties>
      <property name="user" value="Emanuel" />
      <property name="os-version" value="10.0.19044" />
      <property name="user-domain" value="DESKTOP-H0JJQ0I" />
      <property name="machine-name" value="DESKTOP-H0JJQ0I" />
      <property name="cwd" value="E:\GitHub\AZDOPS" />
      <property name="platform" value="Microsoft Windows 10 Pro|C:\Windows|\Device\Harddisk0\Partition3" />
      <property name="junit-version" value="4" />
      <property name="clr-version" value="Unknown" />
    </properties>
    <testcase name="Set-ADOPSRepository.Parameters.Should have parameter Organization" status="Passed" classname="E:\GitHub\AZDOPS\Tests\Set-ADOPSRepository.Tests.ps1" assertions="0" time="0.018" />
    <testcase name="Set-ADOPSRepository.Parameters.Should have parameter Project" status="Passed" classname="E:\GitHub\AZDOPS\Tests\Set-ADOPSRepository.Tests.ps1" assertions="0" time="0.019" />
    <testcase name="Set-ADOPSRepository.Parameters.Should have parameter RepositoryId" status="Passed" classname="E:\GitHub\AZDOPS\Tests\Set-ADOPSRepository.Tests.ps1" assertions="0" time="0.014" />
    <testcase name="Set-ADOPSRepository.Parameters.Should have parameter DefaultBranch" status="Passed" classname="E:\GitHub\AZDOPS\Tests\Set-ADOPSRepository.Tests.ps1" assertions="0" time="0.012" />
    <testcase name="Set-ADOPSRepository.Parameters.Should have parameter IsDisabled" status="Passed" classname="E:\GitHub\AZDOPS\Tests\Set-ADOPSRepository.Tests.ps1" assertions="0" time="0.012" />
    <testcase name="Set-ADOPSRepository.Parameters.Should have parameter NewName" status="Passed" classname="E:\GitHub\AZDOPS\Tests\Set-ADOPSRepository.Tests.ps1" assertions="0" time="0.014" />
    <testcase name="Set-ADOPSRepository.Functionality.If organization is given, should not call GetADOPSDefaultOrganization" status="Passed" classname="E:\GitHub\AZDOPS\Tests\Set-ADOPSRepository.Tests.ps1" assertions="0" time="0.034" />
    <testcase name="Set-ADOPSRepository.Functionality.If organization is not given, should call GetADOPSDefaultOrganization" status="Passed" classname="E:\GitHub\AZDOPS\Tests\Set-ADOPSRepository.Tests.ps1" assertions="0" time="0.029" />
    <testcase name="Set-ADOPSRepository.Functionality.Creates correct URI" status="Passed" classname="E:\GitHub\AZDOPS\Tests\Set-ADOPSRepository.Tests.ps1" assertions="0" time="0.028" />
    <testcase name="Set-ADOPSRepository.Functionality.Method sould be Patch" status="Passed" classname="E:\GitHub\AZDOPS\Tests\Set-ADOPSRepository.Tests.ps1" assertions="0" time="0.026" />
    <testcase name="Set-ADOPSRepository.Functionality.If no changes are input, dont do anything" status="Passed" classname="E:\GitHub\AZDOPS\Tests\Set-ADOPSRepository.Tests.ps1" assertions="0" time="0.022" />
    <testcase name="Set-ADOPSRepository.Functionality.Verifying body, NewName" status="Passed" classname="E:\GitHub\AZDOPS\Tests\Set-ADOPSRepository.Tests.ps1" assertions="0" time="0.030" />
    <testcase name="Set-ADOPSRepository.Functionality.Verifying body, DefaultBranch - Only branch name" status="Passed" classname="E:\GitHub\AZDOPS\Tests\Set-ADOPSRepository.Tests.ps1" assertions="0" time="0.020" />
    <testcase name="Set-ADOPSRepository.Functionality.Verifying body, DefaultBranch - Full branch name" status="Passed" classname="E:\GitHub\AZDOPS\Tests\Set-ADOPSRepository.Tests.ps1" assertions="0" time="0.019" />
    <testcase name="Set-ADOPSRepository.Functionality.Verifying body, IsDisabled:$true" status="Passed" classname="E:\GitHub\AZDOPS\Tests\Set-ADOPSRepository.Tests.ps1" assertions="0" time="0.026" />
    <testcase name="Set-ADOPSRepository.Functionality.Verifying body, IsDisabled:$false" status="Passed" classname="E:\GitHub\AZDOPS\Tests\Set-ADOPSRepository.Tests.ps1" assertions="0" time="0.029" />
    <testcase name="Set-ADOPSRepository.Functionality.Verifying body, all parameters" status="Passed" classname="E:\GitHub\AZDOPS\Tests\Set-ADOPSRepository.Tests.ps1" assertions="0" time="0.029" />
  </testsuite>
  <testsuite name="E:\GitHub\AZDOPS\Tests\Set-ADOPSServiceConnection.Tests.ps1" tests="12" errors="0" failures="0" hostname="DESKTOP-H0JJQ0I" id="43" skipped="0" disabled="0" package="E:\GitHub\AZDOPS\Tests\Set-ADOPSServiceConnection.Tests.ps1" time="0.501">
    <properties>
      <property name="user" value="Emanuel" />
      <property name="os-version" value="10.0.19044" />
      <property name="user-domain" value="DESKTOP-H0JJQ0I" />
      <property name="machine-name" value="DESKTOP-H0JJQ0I" />
      <property name="cwd" value="E:\GitHub\AZDOPS" />
      <property name="platform" value="Microsoft Windows 10 Pro|C:\Windows|\Device\Harddisk0\Partition3" />
      <property name="junit-version" value="4" />
      <property name="clr-version" value="Unknown" />
    </properties>
    <testcase name="Set-ADOPSServiceConnection.Parameters.Should have parameter Organization" status="Passed" classname="E:\GitHub\AZDOPS\Tests\Set-ADOPSServiceConnection.Tests.ps1" assertions="0" time="0.013" />
    <testcase name="Set-ADOPSServiceConnection.Parameters.Should have parameter TenantId" status="Passed" classname="E:\GitHub\AZDOPS\Tests\Set-ADOPSServiceConnection.Tests.ps1" assertions="0" time="0.013" />
    <testcase name="Set-ADOPSServiceConnection.Parameters.Should have parameter SubscriptionName" status="Passed" classname="E:\GitHub\AZDOPS\Tests\Set-ADOPSServiceConnection.Tests.ps1" assertions="0" time="0.013" />
    <testcase name="Set-ADOPSServiceConnection.Parameters.Should have parameter SubscriptionId" status="Passed" classname="E:\GitHub\AZDOPS\Tests\Set-ADOPSServiceConnection.Tests.ps1" assertions="0" time="0.014" />
    <testcase name="Set-ADOPSServiceConnection.Parameters.Should have parameter Project" status="Passed" classname="E:\GitHub\AZDOPS\Tests\Set-ADOPSServiceConnection.Tests.ps1" assertions="0" time="0.013" />
    <testcase name="Set-ADOPSServiceConnection.Parameters.Should have parameter ConnectionName" status="Passed" classname="E:\GitHub\AZDOPS\Tests\Set-ADOPSServiceConnection.Tests.ps1" assertions="0" time="0.012" />
    <testcase name="Set-ADOPSServiceConnection.Parameters.Should have parameter ServicePrincipal" status="Passed" classname="E:\GitHub\AZDOPS\Tests\Set-ADOPSServiceConnection.Tests.ps1" assertions="0" time="0.013" />
    <testcase name="Set-ADOPSServiceConnection.Parameters.Should have parameter ManagedIdentity" status="Passed" classname="E:\GitHub\AZDOPS\Tests\Set-ADOPSServiceConnection.Tests.ps1" assertions="0" time="0.013" />
    <testcase name="Set-ADOPSServiceConnection.Parameters.Should have parameter ServiceEndpointId" status="Passed" classname="E:\GitHub\AZDOPS\Tests\Set-ADOPSServiceConnection.Tests.ps1" assertions="0" time="0.016" />
    <testcase name="Set-ADOPSServiceConnection.Parameters.Should have parameter EndpointOperation" status="Passed" classname="E:\GitHub\AZDOPS\Tests\Set-ADOPSServiceConnection.Tests.ps1" assertions="0" time="0.013" />
    <testcase name="Set-ADOPSServiceConnection.Functionality.Should not get organization from GetADOPSDefaultOrganization when organization parameter is used" status="Passed" classname="E:\GitHub\AZDOPS\Tests\Set-ADOPSServiceConnection.Tests.ps1" assertions="0" time="0.037" />
    <testcase name="Set-ADOPSServiceConnection.Functionality.Should get organization using GetADOPSDefaultOrganization when organization parameter is not used" status="Passed" classname="E:\GitHub\AZDOPS\Tests\Set-ADOPSServiceConnection.Tests.ps1" assertions="0" time="0.058" />
  </testsuite>
  <testsuite name="E:\GitHub\AZDOPS\Tests\Start-ADOPSPipeline.Tests.ps1" tests="13" errors="0" failures="1" hostname="DESKTOP-H0JJQ0I" id="44" skipped="0" disabled="0" package="E:\GitHub\AZDOPS\Tests\Start-ADOPSPipeline.Tests.ps1" time="0.611">
    <properties>
      <property name="user" value="Emanuel" />
      <property name="os-version" value="10.0.19044" />
      <property name="user-domain" value="DESKTOP-H0JJQ0I" />
      <property name="machine-name" value="DESKTOP-H0JJQ0I" />
      <property name="cwd" value="E:\GitHub\AZDOPS" />
      <property name="platform" value="Microsoft Windows 10 Pro|C:\Windows|\Device\Harddisk0\Partition3" />
      <property name="junit-version" value="4" />
      <property name="clr-version" value="Unknown" />
    </properties>
    <testcase name="Start-ADOPSPipeline.Parameters.Should have parameter Name" status="Passed" classname="E:\GitHub\AZDOPS\Tests\Start-ADOPSPipeline.Tests.ps1" assertions="0" time="0.011" />
    <testcase name="Start-ADOPSPipeline.Parameters.Should have parameter Project" status="Passed" classname="E:\GitHub\AZDOPS\Tests\Start-ADOPSPipeline.Tests.ps1" assertions="0" time="0.013" />
    <testcase name="Start-ADOPSPipeline.Parameters.Should have parameter Organization" status="Passed" classname="E:\GitHub\AZDOPS\Tests\Start-ADOPSPipeline.Tests.ps1" assertions="0" time="0.010" />
    <testcase name="Start-ADOPSPipeline.Parameters.Should have parameter Branch" status="Passed" classname="E:\GitHub\AZDOPS\Tests\Start-ADOPSPipeline.Tests.ps1" assertions="0" time="0.010" />
    <testcase name="Start-ADOPSPipeline.Starting pipeline.Should call mock InvokeADOPSRestMethod" status="Passed" classname="E:\GitHub\AZDOPS\Tests\Start-ADOPSPipeline.Tests.ps1" assertions="0" time="0.046" />
    <testcase name="Start-ADOPSPipeline.Starting pipeline.If no organization is passed, get default" status="Passed" classname="E:\GitHub\AZDOPS\Tests\Start-ADOPSPipeline.Tests.ps1" assertions="0" time="0.035" />
    <testcase name="Start-ADOPSPipeline.Starting pipeline.If an organization is passed, that organization should be used for URI" status="Passed" classname="E:\GitHub\AZDOPS\Tests\Start-ADOPSPipeline.Tests.ps1" assertions="0" time="0.031" />
    <testcase name="Start-ADOPSPipeline.Starting pipeline.If no pipeline with correct name is found we should throw error" status="Passed" classname="E:\GitHub\AZDOPS\Tests\Start-ADOPSPipeline.Tests.ps1" assertions="0" time="0.022" />
    <testcase name="Start-ADOPSPipeline.Starting pipeline.Uri should be set correct" status="Passed" classname="E:\GitHub\AZDOPS\Tests\Start-ADOPSPipeline.Tests.ps1" assertions="0" time="0.036" />
    <testcase name="Start-ADOPSPipeline.Starting pipeline.Method should be post" status="Passed" classname="E:\GitHub\AZDOPS\Tests\Start-ADOPSPipeline.Tests.ps1" assertions="0" time="0.030" />
    <testcase name="Start-ADOPSPipeline.Starting pipeline.Body should be set with branch name. If no branch is given, &quot;main&quot;" status="Passed" classname="E:\GitHub\AZDOPS\Tests\Start-ADOPSPipeline.Tests.ps1" assertions="0" time="0.035" />
    <testcase name="Start-ADOPSPipeline.Starting pipeline.Body should be set with branch name If branch is given as parameter, &quot;branch&quot;" status="Passed" classname="E:\GitHub\AZDOPS\Tests\Start-ADOPSPipeline.Tests.ps1" assertions="0" time="0.031" />
    <testcase name="Start-ADOPSPipeline.Starting pipeline.Organization should be of type string" status="Failed" classname="E:\GitHub\AZDOPS\Tests\Start-ADOPSPipeline.Tests.ps1" assertions="0" time="0.042">
      <failure message="Expected the value to have type [string] or any of its subtypes, but got $null with type $null.">at $r.Organization | Should -BeOfType [string], E:\GitHub\AZDOPS\Tests\Start-ADOPSPipeline.Tests.ps1:88
at &lt;ScriptBlock&gt;, E:\GitHub\AZDOPS\Tests\Start-ADOPSPipeline.Tests.ps1:88</failure>
    </testcase>
  </testsuite>
  <testsuite name="E:\GitHub\AZDOPS\Tests\Test-ADOPSYamlFile.Tests.ps1" tests="13" errors="0" failures="0" hostname="DESKTOP-H0JJQ0I" id="45" skipped="0" disabled="0" package="E:\GitHub\AZDOPS\Tests\Test-ADOPSYamlFile.Tests.ps1" time="0.558">
    <properties>
      <property name="user" value="Emanuel" />
      <property name="os-version" value="10.0.19044" />
      <property name="user-domain" value="DESKTOP-H0JJQ0I" />
      <property name="machine-name" value="DESKTOP-H0JJQ0I" />
      <property name="cwd" value="E:\GitHub\AZDOPS" />
      <property name="platform" value="Microsoft Windows 10 Pro|C:\Windows|\Device\Harddisk0\Partition3" />
      <property name="junit-version" value="4" />
      <property name="clr-version" value="Unknown" />
    </properties>
    <testcase name="Test-ADOPSYamlFile.Parameters.Should have parameter Organization" status="Passed" classname="E:\GitHub\AZDOPS\Tests\Test-ADOPSYamlFile.Tests.ps1" assertions="0" time="0.012" />
    <testcase name="Test-ADOPSYamlFile.Parameters.Should have parameter Project" status="Passed" classname="E:\GitHub\AZDOPS\Tests\Test-ADOPSYamlFile.Tests.ps1" assertions="0" time="0.007" />
    <testcase name="Test-ADOPSYamlFile.Parameters.Should have parameter File" status="Passed" classname="E:\GitHub\AZDOPS\Tests\Test-ADOPSYamlFile.Tests.ps1" assertions="0" time="0.011" />
    <testcase name="Test-ADOPSYamlFile.Parameters.Should have parameter PipelineId" status="Passed" classname="E:\GitHub\AZDOPS\Tests\Test-ADOPSYamlFile.Tests.ps1" assertions="0" time="0.012" />
    <testcase name="Test-ADOPSYamlFile.Verifying invoke body.Should call mocks" status="Passed" classname="E:\GitHub\AZDOPS\Tests\Test-ADOPSYamlFile.Tests.ps1" assertions="0" time="0.060" />
    <testcase name="Test-ADOPSYamlFile.Functionality.Should not get organization from GetADOPSDefaultOrganization when organization parameter is used" status="Passed" classname="E:\GitHub\AZDOPS\Tests\Test-ADOPSYamlFile.Tests.ps1" assertions="0" time="0.021" />
    <testcase name="Test-ADOPSYamlFile.Functionality.Should get organization using GetADOPSDefaultOrganization when organization parameter is not used" status="Passed" classname="E:\GitHub\AZDOPS\Tests\Test-ADOPSYamlFile.Tests.ps1" assertions="0" time="0.019" />
    <testcase name="Test-ADOPSYamlFile.Functionality.Should call mocks" status="Passed" classname="E:\GitHub\AZDOPS\Tests\Test-ADOPSYamlFile.Tests.ps1" assertions="0" time="0.029" />
    <testcase name="Test-ADOPSYamlFile.Functionality.Should throw if file is not of type .yaml or .yml" status="Passed" classname="E:\GitHub\AZDOPS\Tests\Test-ADOPSYamlFile.Tests.ps1" assertions="0" time="0.010" />
    <testcase name="Test-ADOPSYamlFile.Functionality.Should NOT throw if file is of type .yaml" status="Passed" classname="E:\GitHub\AZDOPS\Tests\Test-ADOPSYamlFile.Tests.ps1" assertions="0" time="0.018" />
    <testcase name="Test-ADOPSYamlFile.Functionality.Should NOT throw if file is of type .yml" status="Passed" classname="E:\GitHub\AZDOPS\Tests\Test-ADOPSYamlFile.Tests.ps1" assertions="0" time="0.018" />
    <testcase name="Test-ADOPSYamlFile.Functionality.Should throw if yaml file is not valid" status="Passed" classname="E:\GitHub\AZDOPS\Tests\Test-ADOPSYamlFile.Tests.ps1" assertions="0" time="0.029" />
    <testcase name="Test-ADOPSYamlFile.Functionality.Should handle normal yaml validation failures" status="Passed" classname="E:\GitHub\AZDOPS\Tests\Test-ADOPSYamlFile.Tests.ps1" assertions="0" time="0.039" />
  </testsuite>
</testsuites>